1664053746388	geckodriver	INFO	Listening on 127.0.0.1:49505
1664053749410	mozrunner::runner	INFO	Running command: "C:\\Program Files\\Mozilla Firefox\\firefox.exe" "--marionette" "--remote-debugging-port" "49506" "--remote-allow-hosts" "localhost" "-no-remote" "-profile" "C:\\Users\\Imran\\AppData\\Local\\Temp\\rust_mozprofilepjlNw8"
1664053750005	Marionette	INFO	Marionette enabled
1664053750011	Marionette	INFO	Listening on port 49517
Read port: 49517
WebDriver BiDi listening on ws://127.0.0.1:49506
1664053750130	RemoteAgent	WARN	TLS certificate errors will be ignored for this session
console.warn: SearchSettings: "get: No settings file exists, new profile?" (new NotFoundError("Could not open the file at C:\\Users\\Imran\\AppData\\Local\\Temp\\rust_mozprofilepjlNw8\\search.json.mozlz4", (void 0)))
DevTools listening on ws://127.0.0.1:49506/devtools/browser/330255b3-749a-4221-a493-91146374c347
JavaScript error: resource://gre/modules/URIFixup.jsm, line 307: NS_ERROR_FAILURE: Should pass a non-null uri
1664053757454	Marionette	INFO	Stopped listening on port 49517
1664054369816	geckodriver	INFO	Listening on 127.0.0.1:49922
1664054372784	mozrunner::runner	INFO	Running command: "C:\\Program Files\\Mozilla Firefox\\firefox.exe" "--marionette" "--remote-debugging-port" "49923" "--remote-allow-hosts" "localhost" "-no-remote" "-profile" "C:\\Users\\Imran\\AppData\\Local\\Temp\\rust_mozprofilekrbHkR"
1664054373383	Marionette	INFO	Marionette enabled
1664054373388	Marionette	INFO	Listening on port 49934
Read port: 49934
WebDriver BiDi listening on ws://127.0.0.1:49923
1664054373500	RemoteAgent	WARN	TLS certificate errors will be ignored for this session
console.warn: SearchSettings: "get: No settings file exists, new profile?" (new NotFoundError("Could not open the file at C:\\Users\\Imran\\AppData\\Local\\Temp\\rust_mozprofilekrbHkR\\search.json.mozlz4", (void 0)))
DevTools listening on ws://127.0.0.1:49923/devtools/browser/633bc3ad-6f26-49d4-863c-82fe5fbfba86
JavaScript error: resource://gre/modules/URIFixup.jsm, line 307: NS_ERROR_FAILURE: Should pass a non-null uri
1664054384783	Marionette	INFO	Stopped listening on port 49934
1664055409982	geckodriver	INFO	Listening on 127.0.0.1:50635
1664055412760	mozrunner::runner	INFO	Running command: "C:\\Program Files\\Mozilla Firefox\\firefox.exe" "--marionette" "--remote-debugging-port" "50636" "--remote-allow-hosts" "localhost" "-no-remote" "-profile" "C:\\Users\\Imran\\AppData\\Local\\Temp\\rust_mozprofileXdhkXi"
1664055413014	Marionette	INFO	Marionette enabled
1664055413018	Marionette	INFO	Listening on port 50646
Read port: 50646
WebDriver BiDi listening on ws://127.0.0.1:50636
1664055413112	RemoteAgent	WARN	TLS certificate errors will be ignored for this session
console.warn: SearchSettings: "get: No settings file exists, new profile?" (new NotFoundError("Could not open the file at C:\\Users\\Imran\\AppData\\Local\\Temp\\rust_mozprofileXdhkXi\\search.json.mozlz4", (void 0)))
DevTools listening on ws://127.0.0.1:50636/devtools/browser/66ecfac2-debd-40d2-affe-b9665fc2efcc
JavaScript error: resource://gre/modules/URIFixup.jsm, line 307: NS_ERROR_FAILURE: Should pass a non-null uri
console.warn: LoginRecipes: "Falling back to a synchronous message for: https://www.walcart.com."
console.warn: LoginRecipes: "Falling back to a synchronous message for: https://www.walcart.com."
console.warn: LoginRecipes: "Falling back to a synchronous message for: https://www.walcart.com."
JavaScript error: resource://gre/modules/XULStore.jsm, line 58: Error: Can't find profile directory.
JavaScript error: resource://gre/modules/XULStore.jsm, line 58: Error: Can't find profile directory.
JavaScript error: https://www.walcart.com/checkout/, line 309: TypeError: dom[0] is undefined
JavaScript error: https://www.walcart.com/static/version1662605962/frontend/MageBig/martfury_layout02/en_US/Magento_ReCaptchaFrontendUi/js/reCaptcha.js, line 117: TypeError: Unable to process binding "afterRender: function(){return renderReCaptcha() }"
Message: this.settings is undefined
1664055469128	Marionette	INFO	Stopped listening on port 50646
1664055545398	geckodriver	INFO	Listening on 127.0.0.1:50828
1664055548415	mozrunner::runner	INFO	Running command: "C:\\Program Files\\Mozilla Firefox\\firefox.exe" "--marionette" "--remote-debugging-port" "50829" "--remote-allow-hosts" "localhost" "-no-remote" "-profile" "C:\\Users\\Imran\\AppData\\Local\\Temp\\rust_mozprofilenoOoMK"
1664055548670	Marionette	INFO	Marionette enabled
1664055548674	Marionette	INFO	Listening on port 50839
Read port: 50839
WebDriver BiDi listening on ws://127.0.0.1:50829
1664055548769	RemoteAgent	WARN	TLS certificate errors will be ignored for this session
console.warn: SearchSettings: "get: No settings file exists, new profile?" (new NotFoundError("Could not open the file at C:\\Users\\Imran\\AppData\\Local\\Temp\\rust_mozprofilenoOoMK\\search.json.mozlz4", (void 0)))
DevTools listening on ws://127.0.0.1:50829/devtools/browser/967de3f9-21ad-4990-9fd5-ea14e8f6d8ee
JavaScript error: resource://gre/modules/URIFixup.jsm, line 307: NS_ERROR_FAILURE: Should pass a non-null uri
console.warn: LoginRecipes: "Falling back to a synchronous message for: https://www.walcart.com."
console.warn: LoginRecipes: "Falling back to a synchronous message for: https://www.walcart.com."
console.warn: LoginRecipes: "Falling back to a synchronous message for: https://www.walcart.com."
console.warn: LoginRecipes: "Falling back to a synchronous message for: https://www.walcart.com."
JavaScript error: https://www.walcart.com/static/version1662605962/_cache/merged/95f5481c00de6d32e971c16c1237d19d.js, line 166: Error: Script error for: Magento_Captcha/js/view/checkout/defaultCaptcha
http://requirejs.org/docs/errors.html#scripterror
JavaScript error: https://www.walcart.com/static/version1662605962/_cache/merged/95f5481c00de6d32e971c16c1237d19d.js, line 166: Error: Script error for: Magento_PaypalCaptcha/js/view/checkout/defaultCaptcha-mixin
http://requirejs.org/docs/errors.html#scripterror
JavaScript error: https://www.walcart.com/static/version1662605962/_cache/merged/95f5481c00de6d32e971c16c1237d19d.js, line 166: Error: Script error for: jquery-ui-modules/effect-blind
http://requirejs.org/docs/errors.html#scripterror
JavaScript error: https://www.walcart.com/static/version1662605962/_cache/merged/95f5481c00de6d32e971c16c1237d19d.js, line 166: Error: Script error for: Magento_ReCaptchaFrontendUi/js/registry
http://requirejs.org/docs/errors.html#scripterror
JavaScript error: https://www.walcart.com/static/version1662605962/_cache/merged/95f5481c00de6d32e971c16c1237d19d.js, line 166: Error: Script error for: Magento_Security/js/escaper
http://requirejs.org/docs/errors.html#scripterror
JavaScript error: https://www.walcart.com/static/version1662605962/_cache/merged/95f5481c00de6d32e971c16c1237d19d.js, line 166: Error: Script error for: magnifier/magnifier
http://requirejs.org/docs/errors.html#scripterror
JavaScript error: https://www.walcart.com/static/version1662605962/frontend/MageBig/martfury_layout02/en_US/Magento_Customer/js/customer-data.js, line 87: Error: [object Object]
1664055582219	Marionette	INFO	Stopped listening on port 50839
1664056416188	geckodriver	INFO	Listening on 127.0.0.1:51463
1664056419194	mozrunner::runner	INFO	Running command: "C:\\Program Files\\Mozilla Firefox\\firefox.exe" "--marionette" "--remote-debugging-port" "51464" "--remote-allow-hosts" "localhost" "-no-remote" "-profile" "C:\\Users\\Imran\\AppData\\Local\\Temp\\rust_mozprofiletwWhrT"
1664056419700	Marionette	INFO	Marionette enabled
1664056419704	Marionette	INFO	Listening on port 51475
WebDriver BiDi listening on ws://127.0.0.1:51464
Read port: 51475
1664056419916	RemoteAgent	WARN	TLS certificate errors will be ignored for this session
console.warn: SearchSettings: "get: No settings file exists, new profile?" (new NotFoundError("Could not open the file at C:\\Users\\Imran\\AppData\\Local\\Temp\\rust_mozprofiletwWhrT\\search.json.mozlz4", (void 0)))
DevTools listening on ws://127.0.0.1:51464/devtools/browser/a2b91170-bda6-445f-b03c-968caf9ceffb
JavaScript error: resource://gre/modules/URIFixup.jsm, line 307: NS_ERROR_FAILURE: Should pass a non-null uri
console.warn: LoginRecipes: "Falling back to a synchronous message for: https://www.walcart.com."
console.warn: LoginRecipes: "Falling back to a synchronous message for: https://www.walcart.com."
console.warn: LoginRecipes: "Falling back to a synchronous message for: https://www.walcart.com."
console.warn: LoginRecipes: "Falling back to a synchronous message for: https://www.walcart.com."
1664056440713	Marionette	WARN	TimedPromise timed out after 500 ms: stacktrace:
TimedPromise/<@chrome://remote/content/marionette/sync.js:236:24
TimedPromise@chrome://remote/content/marionette/sync.js:221:10
interaction.flushEventLoop@chrome://remote/content/marionette/interaction.js:431:10
webdriverClickElement@chrome://remote/content/marionette/interaction.js:179:31
JavaScript error: resource://gre/modules/XULStore.jsm, line 58: Error: Can't find profile directory.
JavaScript error: resource://gre/modules/XULStore.jsm, line 58: Error: Can't find profile directory.
1664066542777	Marionette	INFO	Stopped listening on port 51475
console.warn: TopSitesFeed: Failed to fetch data from Contile server: NetworkError when attempting to fetch resource.
[Parent 20492, IPC I/O Parent] WARNING: file /builds/worker/checkouts/gecko/ipc/chromium/src/base/process_util_win.cc:167
664056547976	RemoteAgent	WARN	TLS certificate errors will be ignored for this session
console.warn: SearchSettings: "get: No settings file exists, new profile?" (new NotFoundError("Could not open the file at C:\\Users\\Imran\\AppData\\Local\\Temp\\rust_mozprofileJk5EbJ\\search.json.mozlz4", (void 0)))
DevTools listening on ws://127.0.0.1:51624/devtools/browser/da370ed4-f349-45ea-a1a8-2ffe0932e7b5
JavaScript error: resource://gre/modules/URIFixup.jsm, line 307: NS_ERROR_FAILURE: Should pass a non-null uri
1664056563690	Marionette	WARN	TimedPromise timed out after 500 ms: stacktrace:
TimedPromise/<@chrome://remote/content/marionette/sync.js:236:24
TimedPromise@chrome://remote/content/marionette/sync.js:221:10
interaction.flushEventLoop@chrome://remote/content/marionette/interaction.js:431:10
webdriverClickElement@chrome://remote/content/marionette/interaction.js:179:31
console.warn: LoginRecipes: "Falling back to a synchronous message for: https://www.walcart.com."
console.warn: LoginRecipes: "Falling back to a synchronous message for: https://www.walcart.com."
console.warn: LoginRecipes: "Falling back to a synchronous message for: https://www.walcart.com."
1664056574303	Marionette	INFO	Stopped listening on port 51635
1664056666002	geckodriver	INFO	Listening on 127.0.0.1:51790
1664056669018	mozrunner::runner	INFO	Running command: "C:\\Program Files\\Mozilla Firefox\\firefox.exe" "--marionette" "--remote-debugging-port" "51791" "--remote-allow-hosts" "localhost" "-no-remote" "-profile" "C:\\Users\\Imran\\AppData\\Local\\Temp\\rust_mozprofile3S9HQX"
1664056669296	Marionette	INFO	Marionette enabled
1664056669300	Marionette	INFO	Listening on port 51801
Read port: 51801
WebDriver BiDi listening on ws://127.0.0.1:51791
1664056669393	RemoteAgent	WARN	TLS certificate errors will be ignored for this session
console.warn: SearchSettings: "get: No settings file exists, new profile?" (new NotFoundError("Could not open the file at C:\\Users\\Imran\\AppData\\Local\\Temp\\rust_mozprofile3S9HQX\\search.json.mozlz4", (void 0)))
DevTools listening on ws://127.0.0.1:51791/devtools/browser/f376c899-21e1-441f-a67f-a702d8649182
JavaScript error: resource://gre/modules/URIFixup.jsm, line 307: NS_ERROR_FAILURE: Should pass a non-null uri
1664056717294	Marionette	WARN	TimedPromise timed out after 500 ms: stacktrace:
TimedPromise/<@chrome://remote/content/marionette/sync.js:236:24
TimedPromise@chrome://remote/content/marionette/sync.js:221:10
interaction.flushEventLoop@chrome://remote/content/marionette/interaction.js:431:10
webdriverClickElement@chrome://remote/content/marionette/interaction.js:179:31
console.warn: LoginRecipes: "Falling back to a synchronous message for: https://www.walcart.com."
console.warn: LoginRecipes: "Falling back to a synchronous message for: https://www.walcart.com."
console.warn: LoginRecipes: "Falling back to a synchronous message for: https://www.walcart.com."
1664056723016	Marionette	WARN	TimedPromise timed out after 500 ms: stacktrace:
TimedPromise/<@chrome://remote/content/marionette/sync.js:236:24
TimedPromise@chrome://remote/content/marionette/sync.js:221:10
interaction.flushEventLoop@chrome://remote/content/marionette/interaction.js:431:10
webdriverClickElement@chrome://remote/content/marionette/interaction.js:179:31
JavaScript error: resource://gre/modules/XULStore.jsm, line 58: Error: Can't find profile directory.
JavaScript error: resource://gre/modules/XULStore.jsm, line 58: Error: Can't find profile directory.
1664056738732	Marionette	INFO	Stopped listening on port 51801
1664057058564	geckodriver	INFO	Listening on 127.0.0.1:52080
1664057061577	mozrunner::runner	INFO	Running command: "C:\\Program Files\\Mozilla Firefox\\firefox.exe" "--marionette" "--remote-debugging-port" "52081" "--remote-allow-hosts" "localhost" "-no-remote" "-profile" "C:\\Users\\Imran\\AppData\\Local\\Temp\\rust_mozprofile6msufB"
1664057061841	Marionette	INFO	Marionette enabled
1664057061845	Marionette	INFO	Listening on port 52092
Read port: 52092
WebDriver BiDi listening on ws://127.0.0.1:52081
1664057061929	RemoteAgent	WARN	TLS certificate errors will be ignored for this session
console.warn: SearchSettings: "get: No settings file exists, new profile?" (new NotFoundError("Could not open the file at C:\\Users\\Imran\\AppData\\Local\\Temp\\rust_mozprofile6msufB\\search.json.mozlz4", (void 0)))
DevTools listening on ws://127.0.0.1:52081/devtools/browser/121dc4c0-d033-49a3-90a2-7c410eacb698
JavaScript error: resource://gre/modules/URIFixup.jsm, line 307: NS_ERROR_FAILURE: Should pass a non-null uri
console.warn: LoginRecipes: "Falling back to a synchronous message for: https://www.walcart.com."
console.warn: LoginRecipes: "Falling back to a synchronous message for: https://www.walcart.com."
console.warn: LoginRecipes: "Falling back to a synchronous message for: https://www.walcart.com."
console.warn: LoginRecipes: "Falling back to a synchronous message for: https://www.walcart.com."
JavaScript error: https://www.walcart.com/static/version1662605962/frontend/MageBig/martfury_layout02/en_US/Magento_Customer/js/customer-data.js, line 87: Error: [object Object]
JavaScript error: resource://gre/modules/XULStore.jsm, line 58: Error: Can't find profile directory.
JavaScript error: resource://gre/modules/XULStore.jsm, line 58: Error: Can't find profile directory.
JavaScript error: https://www.walcart.com/checkout/, line 309: TypeError: dom[0] is undefined
JavaScript error: https://www.walcart.com/static/version1662605962/frontend/MageBig/martfury_layout02/en_US/Magento_ReCaptchaFrontendUi/js/reCaptcha.js, line 117: TypeError: Unable to process binding "afterRender: function(){return renderReCaptcha() }"
Message: this.settings is undefined
1664057142041	Marionette	INFO	Stopped listening on port 52092
1664057248472	geckodriver	INFO	Listening on 127.0.0.1:52344
1664057251489	mozrunner::runner	INFO	Running command: "C:\\Program Files\\Mozilla Firefox\\firefox.exe" "--marionette" "--remote-debugging-port" "52345" "--remote-allow-hosts" "localhost" "-no-remote" "-profile" "C:\\Users\\Imran\\AppData\\Local\\Temp\\rust_mozprofileocU62H"
1664057251754	Marionette	INFO	Marionette enabled
1664057251758	Marionette	INFO	Listening on port 52355
Read port: 52355
WebDriver BiDi listening on ws://127.0.0.1:52345
1664057251838	RemoteAgent	WARN	TLS certificate errors will be ignored for this session
console.warn: SearchSettings: "get: No settings file exists, new profile?" (new NotFoundError("Could not open the file at C:\\Users\\Imran\\AppData\\Local\\Temp\\rust_mozprofileocU62H\\search.json.mozlz4", (void 0)))
DevTools listening on ws://127.0.0.1:52345/devtools/browser/f62ff08a-03e1-440c-9e9c-f15fed1f8769
JavaScript error: resource://gre/modules/URIFixup.jsm, line 307: NS_ERROR_FAILURE: Should pass a non-null uri
console.warn: LoginRecipes: "Falling back to a synchronous message for: https://www.walcart.com."
console.warn: LoginRecipes: "Falling back to a synchronous message for: https://www.walcart.com."
console.warn: LoginRecipes: "Falling back to a synchronous message for: https://www.walcart.com."
console.warn: LoginRecipes: "Falling back to a synchronous message for: https://www.walcart.com."
JavaScript error: resource://gre/modules/XULStore.jsm, line 58: Error: Can't find profile directory.
JavaScript error: resource://gre/modules/XULStore.jsm, line 58: Error: Can't find profile directory.
1664057294235	Marionette	INFO	Stopped listening on port 52355
1664057340919	geckodriver	INFO	Listening on 127.0.0.1:52479
1664057343935	mozrunner::runner	INFO	Running command: "C:\\Program Files\\Mozilla Firefox\\firefox.exe" "--marionette" "--remote-debugging-port" "52480" "--remote-allow-hosts" "localhost" "-no-remote" "-profile" "C:\\Users\\Imran\\AppData\\Local\\Temp\\rust_mozprofileU8W3Sn"
1664057344188	Marionette	INFO	Marionette enabled
1664057344192	Marionette	INFO	Listening on port 52491
Read port: 52491
WebDriver BiDi listening on ws://127.0.0.1:52480
1664057344291	RemoteAgent	WARN	TLS certificate errors will be ignored for this session
console.warn: SearchSettings: "get: No settings file exists, new profile?" (new NotFoundError("Could not open the file at C:\\Users\\Imran\\AppData\\Local\\Temp\\rust_mozprofileU8W3Sn\\search.json.mozlz4", (void 0)))
DevTools listening on ws://127.0.0.1:52480/devtools/browser/207d7af2-556d-49dc-b3bd-da9def2eb4a1
JavaScript error: resource://gre/modules/URIFixup.jsm, line 307: NS_ERROR_FAILURE: Should pass a non-null uri
console.warn: LoginRecipes: "Falling back to a synchronous message for: https://www.walcart.com."
console.warn: LoginRecipes: "Falling back to a synchronous message for: https://www.walcart.com."
console.warn: LoginRecipes: "Falling back to a synchronous message for: https://www.walcart.com."
console.warn: LoginRecipes: "Falling back to a synchronous message for: https://www.walcart.com."
JavaScript error: resource://gre/modules/XULStore.jsm, line 58: Error: Can't find profile directory.
JavaScript error: resource://gre/modules/XULStore.jsm, line 58: Error: Can't find profile directory.
1664057384769	Marionette	INFO	Stopped listening on port 52491
1664057850595	geckodriver	INFO	Listening on 127.0.0.1:52880
1664057853603	mozrunner::runner	INFO	Running command: "C:\\Program Files\\Mozilla Firefox\\firefox.exe" "--marionette" "--remote-debugging-port" "52881" "--remote-allow-hosts" "localhost" "-no-remote" "-profile" "C:\\Users\\Imran\\AppData\\Local\\Temp\\rust_mozprofiled31BzC"
1664057853858	Marionette	INFO	Marionette enabled
1664057853862	Marionette	INFO	Listening on port 52891
Read port: 52891
WebDriver BiDi listening on ws://127.0.0.1:52881
1664057853956	RemoteAgent	WARN	TLS certificate errors will be ignored for this session
console.warn: SearchSettings: "get: No settings file exists, new profile?" (new NotFoundError("Could not open the file at C:\\Users\\Imran\\AppData\\Local\\Temp\\rust_mozprofiled31BzC\\search.json.mozlz4", (void 0)))
DevTools listening on ws://127.0.0.1:52881/devtools/browser/bb57b38e-b93e-4f9a-b6be-5b525fe6858c
JavaScript error: resource://gre/modules/URIFixup.jsm, line 307: NS_ERROR_FAILURE: Should pass a non-null uri
console.warn: LoginRecipes: "Falling back to a synchronous message for: https://www.walcart.com."
console.warn: LoginRecipes: "Falling back to a synchronous message for: https://www.walcart.com."
console.warn: LoginRecipes: "Falling back to a synchronous message for: https://www.walcart.com."
console.warn: LoginRecipes: "Falling back to a synchronous message for: https://www.walcart.com."
JavaScript error: resource://gre/modules/XULStore.jsm, line 58: Error: Can't find profile directory.
JavaScript error: resource://gre/modules/XULStore.jsm, line 58: Error: Can't find profile directory.
JavaScript error: https://www.walcart.com/static/version1662605962/_cache/merged/95f5481c00de6d32e971c16c1237d19d.js, line 166: Error: Script error for: Magento_OfflineShipping/js/model/shipping-rates-validation-rules/freeshipping
http://requirejs.org/docs/errors.html#scripterror
JavaScript error: https://www.walcart.com/static/version1662605962/_cache/merged/95f5481c00de6d32e971c16c1237d19d.js, line 166: Error: Script error for: Magento_OfflineShipping/js/model/shipping-rates-validator/flatrate
http://requirejs.org/docs/errors.html#scripterror
JavaScript error: https://www.walcart.com/static/version1662605962/_cache/merged/95f5481c00de6d32e971c16c1237d19d.js, line 166: Error: Script error for: Magento_OfflineShipping/js/model/shipping-rates-validation-rules/flatrate
http://requirejs.org/docs/errors.html#scripterror
JavaScript error: https://www.walcart.com/static/version1662605962/_cache/merged/95f5481c00de6d32e971c16c1237d19d.js, line 166: Error: Script error for: Magento_OfflineShipping/js/model/shipping-rates-validator/tablerate
http://requirejs.org/docs/errors.html#scripterror
JavaScript error: https://www.walcart.com/static/version1662605962/_cache/merged/95f5481c00de6d32e971c16c1237d19d.js, line 166: Error: Script error for: Magento_OfflineShipping/js/model/shipping-rates-validation-rules/tablerate
http://requirejs.org/docs/errors.html#scripterror
JavaScript error: https://www.walcart.com/static/version1662605962/_cache/merged/95f5481c00de6d32e971c16c1237d19d.js, line 166: Error: Script error for: Magento_Usps/js/model/shipping-rates-validator
http://requirejs.org/docs/errors.html#scripterror
JavaScript error: https://www.walcart.com/static/version1662605962/_cache/merged/95f5481c00de6d32e971c16c1237d19d.js, line 166: Error: Script error for: Magento_Usps/js/model/shipping-rates-validation-rules
http://requirejs.org/docs/errors.html#scripterror
JavaScript error: https://www.walcart.com/static/version1662605962/_cache/merged/95f5481c00de6d32e971c16c1237d19d.js, line 166: Error: Script error for: Magento_Checkout/js/model/quote
http://requirejs.org/docs/errors.html#scripterror
JavaScript error: https://www.walcart.com/static/version1662605962/_cache/merged/95f5481c00de6d32e971c16c1237d19d.js, line 166: Error: Script error for: Magento_InventoryInStorePickupFrontend/js/model/quote-ext
http://requirejs.org/docs/errors.html#scripterror
JavaScript error: https://www.walcart.com/static/version1662605962/_cache/merged/95f5481c00de6d32e971c16c1237d19d.js, line 166: Error: Script error for: Magento_Checkout/js/checkout-data
http://requirejs.org/docs/errors.html#scripterror
JavaScript error: https://www.walcart.com/static/version1662605962/_cache/merged/95f5481c00de6d32e971c16c1237d19d.js, line 166: Error: Script error for: Magento_InventoryInStorePickupFrontend/js/checkout-data-ext
http://requirejs.org/docs/errors.html#scripterror
JavaScript error: https://www.walcart.com/static/version1662605962/_cache/merged/95f5481c00de6d32e971c16c1237d19d.js, line 166: Error: Script error for: Vertex_AddressValidation/js/shipping-invalidate-mixin
http://requirejs.org/docs/errors.html#scripterror
JavaScript error: https://www.walcart.com/static/version1662605962/_cache/merged/95f5481c00de6d32e971c16c1237d19d.js, line 166: Error: Script error for: Magento_Tax/js/view/checkout/summary/grand-total
http://requirejs.org/docs/errors.html#scripterror
JavaScript error: https://www.walcart.com/static/version1662605962/_cache/merged/95f5481c00de6d32e971c16c1237d19d.js, line 166: Error: Script error for: Amazon_Payment/js/view/checkout/summary/grand-total-mixin
http://requirejs.org/docs/errors.html#scripterror
JavaScript error: https://www.walcart.com/static/version1662605962/_cache/merged/95f5481c00de6d32e971c16c1237d19d.js, line 166: Error: Script error for: Magento_Theme/js/view/messages
http://requirejs.org/docs/errors.html#scripterror
JavaScript error: https://www.walcart.com/static/version1662605962/_cache/merged/95f5481c00de6d32e971c16c1237d19d.js, line 166: Error: Script error for: Magento_Theme/js/view/messages-fix
http://requirejs.org/docs/errors.html#scripterror
JavaScript error: https://www.walcart.com/static/version1662605962/_cache/merged/95f5481c00de6d32e971c16c1237d19d.js, line 166: Error: Script error for: Magento_Checkout/js/sidebar
http://requirejs.org/docs/errors.html#scripterror
JavaScript error: https://www.walcart.com/static/version1662605962/_cache/merged/95f5481c00de6d32e971c16c1237d19d.js, line 166: Error: Script error for: MageBig_AjaxCart/js/sidebar
http://requirejs.org/docs/errors.html#scripterror
JavaScript error: https://www.walcart.com/static/version1662605962/_cache/merged/95f5481c00de6d32e971c16c1237d19d.js, line 166: Error: Script error for: Magento_Checkout/js/model/checkout-data-resolver
http://requirejs.org/docs/errors.html#scripterror
JavaScript error: https://www.walcart.com/static/version1662605962/_cache/merged/95f5481c00de6d32e971c16c1237d19d.js, line 166: Error: Script error for: Magento_InventoryInStorePickupFrontend/js/model/checkout-data-resolver-ext
http://requirejs.org/docs/errors.html#scripterror
JavaScript error: https://www.walcart.com/static/version1662605962/_cache/merged/95f5481c00de6d32e971c16c1237d19d.js, line 166: Error: Script error for: Magento_Checkout/js/model/step-navigator
http://requirejs.org/docs/errors.html#scripterror
JavaScript error: https://www.walcart.com/static/version1662605962/_cache/merged/95f5481c00de6d32e971c16c1237d19d.js, line 166: Error: Script error for: PayPal_Braintree/js/model/step-navigator-mixin
http://requirejs.org/docs/errors.html#scripterror
JavaScript error: https://www.walcart.com/static/version1662605962/_cache/merged/95f5481c00de6d32e971c16c1237d19d.js, line 166: Error: Script error for: jquery-ui-modules/effect
http://requirejs.org/docs/errors.html#scripterror
JavaScript error: https://www.walcart.com/static/version1662605962/_cache/merged/95f5481c00de6d32e971c16c1237d19d.js, line 166: Error: Script error for: Magento_Ui/js/lib/validation/validator
http://requirejs.org/docs/errors.html#scripterror
JavaScript error: https://www.walcart.com/static/version1662605962/_cache/merged/95f5481c00de6d32e971c16c1237d19d.js, line 166: Error: Script error for: Dotdigitalgroup_Sms/js/telephoneValidatorCheckout
http://requirejs.org/docs/errors.html#scripterror
JavaScript error: https://www.walcart.com/static/version1662605962/_cache/merged/95f5481c00de6d32e971c16c1237d19d.js, line 166: Error: Script error for: Magento_Ui/js/form/adapter
http://requirejs.org/docs/errors.html#scripterror
JavaScript error: https://www.walcart.com/static/version1662605962/_cache/merged/95f5481c00de6d32e971c16c1237d19d.js, line 166: Error: Script error for: Magento_Checkout/js/model/address-converter
http://requirejs.org/docs/errors.html#scripterror
JavaScript error: https://www.walcart.com/static/version1662605962/_cache/merged/95f5481c00de6d32e971c16c1237d19d.js, line 166: Error: Script error for: Magento_Checkout/js/action/select-shipping-address
http://requirejs.org/docs/errors.html#scripterror
JavaScript error: https://www.walcart.com/static/version1662605962/_cache/merged/95f5481c00de6d32e971c16c1237d19d.js, line 166: Error: Script error for: Magento_Checkout/js/model/postcode-validator
http://requirejs.org/docs/errors.html#scripterror
JavaScript error: https://www.walcart.com/static/version1662605962/_cache/merged/95f5481c00de6d32e971c16c1237d19d.js, line 166: Error: Script error for: Magento_Checkout/js/model/default-validator
http://requirejs.org/docs/errors.html#scripterror
JavaScript error: https://www.walcart.com/static/version1662605962/_cache/merged/95f5481c00de6d32e971c16c1237d19d.js, line 166: Error: Script error for: Magento_Captcha/js/action/refresh
http://requirejs.org/docs/errors.html#scripterror
JavaScript error: https://www.walcart.com/static/version1662605962/_cache/merged/95f5481c00de6d32e971c16c1237d19d.js, line 166: Error: Script error for: Magento_Ui/js/model/messages
http://requirejs.org/docs/errors.html#scripterror
JavaScript error: https://www.walcart.com/static/version1662605962/frontend/MageBig/martfury_layout02/en_US/Magento_Customer/js/customer-data.js, line 87: Error: [object Object]
1664057890097	Marionette	INFO	Stopped listening on port 52891
[Parent 21444, IPC I/O Parent] WARNING: file /builds/worker/checkouts/gecko/ipc/chromium/src/base/process_util_win.cc:167
1664058092930	geckodriver	INFO	Listening on 127.0.0.1:53143
1664058095934	mozrunner::runner	INFO	Running command: "C:\\Program Files\\Mozilla Firefox\\firefox.exe" "--marionette" "--remote-debugging-port" "53144" "--remote-allow-hosts" "localhost" "-no-remote" "-profile" "C:\\Users\\Imran\\AppData\\Local\\Temp\\rust_mozprofilejpc9wo"
1664058096187	Marionette	INFO	Marionette enabled
1664058096191	Marionette	INFO	Listening on port 53156
Read port: 53156
WebDriver BiDi listening on ws://127.0.0.1:53144
1664058096289	RemoteAgent	WARN	TLS certificate errors will be ignored for this session
console.warn: SearchSettings: "get: No settings file exists, new profile?" (new NotFoundError("Could not open the file at C:\\Users\\Imran\\AppData\\Local\\Temp\\rust_mozprofilejpc9wo\\search.json.mozlz4", (void 0)))
DevTools listening on ws://127.0.0.1:53144/devtools/browser/9971cd88-eaeb-4363-8c42-ea728e5f4b35
JavaScript error: resource://gre/modules/URIFixup.jsm, line 307: NS_ERROR_FAILURE: Should pass a non-null uri
console.warn: LoginRecipes: "Falling back to a synchronous message for: https://www.walcart.com."
console.warn: LoginRecipes: "Falling back to a synchronous message for: https://www.walcart.com."
console.warn: LoginRecipes: "Falling back to a synchronous message for: https://www.walcart.com."
console.warn: LoginRecipes: "Falling back to a synchronous message for: https://www.walcart.com."
1664066543897	Marionette	INFO	Stopped listening on port 53156
console.warn: TopSitesFeed: Failed to fetch data from Contile server: NetworkError when attempting to fetch resource.
remote-debugging-port" "53348" "--remote-allow-hosts" "localhost" "-no-remote" "-profile" "C:\\Users\\Imran\\AppData\\Local\\Temp\\rust_mozprofilezmH4kz"
1664058238735	Marionette	INFO	Marionette enabled
1664058238738	Marionette	INFO	Listening on port 53359
Read port: 53359
WebDriver BiDi listening on ws://127.0.0.1:53348
1664058238851	RemoteAgent	WARN	TLS certificate errors will be ignored for this session
console.warn: SearchSettings: "get: No settings file exists, new profile?" (new NotFoundError("Could not open the file at C:\\Users\\Imran\\AppData\\Local\\Temp\\rust_mozprofilezmH4kz\\search.json.mozlz4", (void 0)))
DevTools listening on ws://127.0.0.1:53348/devtools/browser/4420f7ea-b0fe-4083-9b83-cac2565f6b9a
JavaScript error: resource://gre/modules/URIFixup.jsm, line 307: NS_ERROR_FAILURE: Should pass a non-null uri
1664058257727	Marionette	WARN	TimedPromise timed out after 500 ms: stacktrace:
TimedPromise/<@chrome://remote/content/marionette/sync.js:236:24
TimedPromise@chrome://remote/content/marionette/sync.js:221:10
interaction.flushEventLoop@chrome://remote/content/marionette/interaction.js:431:10
webdriverClickElement@chrome://remote/content/marionette/interaction.js:179:31
1664066545169	Marionette	INFO	Stopped listening on port 53359
console.warn: TopSitesFeed: Failed to fetch data from Contile server: NetworkError when attempting to fetch resource.
remote-debugging-port" "53496" "--remote-allow-hosts" "localhost" "-no-remote" "-profile" "C:\\Users\\Imran\\AppData\\Local\\Temp\\rust_mozprofileay3dbc"
1664058291837	Marionette	INFO	Marionette enabled
1664058291841	Marionette	INFO	Listening on port 53506
WebDriver BiDi listening on ws://127.0.0.1:53496
Read port: 53506
1664058292063	RemoteAgent	WARN	TLS certificate errors will be ignored for this session
console.warn: SearchSettings: "get: No settings file exists, new profile?" (new NotFoundError("Could not open the file at C:\\Users\\Imran\\AppData\\Local\\Temp\\rust_mozprofileay3dbc\\search.json.mozlz4", (void 0)))
DevTools listening on ws://127.0.0.1:53496/devtools/browser/cb65b53c-5ac3-444c-a255-e54d8404369a
JavaScript error: resource://gre/modules/URIFixup.jsm, line 307: NS_ERROR_FAILURE: Should pass a non-null uri
console.warn: LoginRecipes: "Falling back to a synchronous message for: https://www.walcart.com."
console.warn: LoginRecipes: "Falling back to a synchronous message for: https://www.walcart.com."
console.warn: LoginRecipes: "Falling back to a synchronous message for: https://www.walcart.com."
1664066546240	Marionette	INFO	Stopped listening on port 53506
console.warn: TopSitesFeed: Failed to fetch data from Contile server: NetworkError when attempting to fetch resource.
remote-debugging-port" "53694" "--remote-allow-hosts" "localhost" "-no-remote" "-profile" "C:\\Users\\Imran\\AppData\\Local\\Temp\\rust_mozprofileTdHZFp"
1664058458346	Marionette	INFO	Marionette enabled
1664058458349	Marionette	INFO	Listening on port 53704
Read port: 53704
WebDriver BiDi listening on ws://127.0.0.1:53694
1664058458429	RemoteAgent	WARN	TLS certificate errors will be ignored for this session
console.warn: SearchSettings: "get: No settings file exists, new profile?" (new NotFoundError("Could not open the file at C:\\Users\\Imran\\AppData\\Local\\Temp\\rust_mozprofileTdHZFp\\search.json.mozlz4", (void 0)))
DevTools listening on ws://127.0.0.1:53694/devtools/browser/4ceda042-d59d-4e8d-a2b9-1454aaf1a1ee
JavaScript error: resource://gre/modules/URIFixup.jsm, line 307: NS_ERROR_FAILURE: Should pass a non-null uri
console.warn: LoginRecipes: "Falling back to a synchronous message for: https://www.walcart.com."
console.warn: LoginRecipes: "Falling back to a synchronous message for: https://www.walcart.com."
console.warn: LoginRecipes: "Falling back to a synchronous message for: https://www.walcart.com."
console.warn: LoginRecipes: "Falling back to a synchronous message for: https://www.walcart.com."
1664066547455	Marionette	INFO	Stopped listening on port 53704
console.warn: TopSitesFeed: Failed to fetch data from Contile server: NetworkError when attempting to fetch resource.
[Parent 24112, IPC I/O Parent] WARNING: file /builds/worker/checkouts/gecko/ipc/chromium/src/base/process_util_win.cc:167
\\Temp\\rust_mozprofile3qbTQl"
1664058571184	Marionette	INFO	Marionette enabled
1664058571188	Marionette	INFO	Listening on port 53874
Read port: 53874
WebDriver BiDi listening on ws://127.0.0.1:53864
1664058571270	RemoteAgent	WARN	TLS certificate errors will be ignored for this session
console.warn: SearchSettings: "get: No settings file exists, new profile?" (new NotFoundError("Could not open the file at C:\\Users\\Imran\\AppData\\Local\\Temp\\rust_mozprofile3qbTQl\\search.json.mozlz4", (void 0)))
DevTools listening on ws://127.0.0.1:53864/devtools/browser/58ce8909-4ad2-4d47-861a-735019e70044
JavaScript error: resource://gre/modules/URIFixup.jsm, line 307: NS_ERROR_FAILURE: Should pass a non-null uri
console.warn: LoginRecipes: "Falling back to a synchronous message for: https://www.walcart.com."
console.warn: LoginRecipes: "Falling back to a synchronous message for: https://www.walcart.com."
console.warn: LoginRecipes: "Falling back to a synchronous message for: https://www.walcart.com."
console.warn: LoginRecipes: "Falling back to a synchronous message for: https://www.walcart.com."
JavaScript error: resource://gre/modules/XULStore.jsm, line 58: Error: Can't find profile directory.
JavaScript error: resource://gre/modules/XULStore.jsm, line 58: Error: Can't find profile directory.
1664058835394	Marionette	INFO	Stopped listening on port 53874
console.warn: TopSitesFeed: Failed to fetch data from Contile server: NetworkError when attempting to fetch resource.
1664058661138	Marionette	INFO	Listening on port 54022
WebDriver BiDi listening on ws://127.0.0.1:54010
Read port: 54022
1664058661353	RemoteAgent	WARN	TLS certificate errors will be ignored for this session
console.warn: SearchSettings: "get: No settings file exists, new profile?" (new NotFoundError("Could not open the file at C:\\Users\\Imran\\AppData\\Local\\Temp\\rust_mozprofileDXCWQ6\\search.json.mozlz4", (void 0)))
DevTools listening on ws://127.0.0.1:54010/devtools/browser/fe1a97ee-f3e6-41f1-9147-346ceac005af
1664058760458	Marionette	WARN	TimedPromise timed out after 500 ms: stacktrace:
TimedPromise/<@chrome://remote/content/marionette/sync.js:236:24
TimedPromise@chrome://remote/content/marionette/sync.js:221:10
interaction.flushEventLoop@chrome://remote/content/marionette/interaction.js:431:10
webdriverClickElement@chrome://remote/content/marionette/interaction.js:179:31
1664066548513	Marionette	INFO	Stopped listening on port 54022
console.warn: TopSitesFeed: Failed to fetch data from Contile server: NetworkError when attempting to fetch resource.
remote-debugging-port" "54280" "--remote-allow-hosts" "localhost" "-no-remote" "-profile" "C:\\Users\\Imran\\AppData\\Local\\Temp\\rust_mozprofilemX32Ut"
1664058919875	Marionette	INFO	Marionette enabled
1664058919882	Marionette	INFO	Listening on port 54290
Read port: 54290
WebDriver BiDi listening on ws://127.0.0.1:54280
1664058919978	RemoteAgent	WARN	TLS certificate errors will be ignored for this session
console.warn: SearchSettings: "get: No settings file exists, new profile?" (new NotFoundError("Could not open the file at C:\\Users\\Imran\\AppData\\Local\\Temp\\rust_mozprofilemX32Ut\\search.json.mozlz4", (void 0)))
DevTools listening on ws://127.0.0.1:54280/devtools/browser/155b0449-1f53-4a05-95ba-f61097de2752
JavaScript error: resource://gre/modules/URIFixup.jsm, line 307: NS_ERROR_FAILURE: Should pass a non-null uri
1664058936681	Marionette	WARN	TimedPromise timed out after 500 ms: stacktrace:
TimedPromise/<@chrome://remote/content/marionette/sync.js:236:24
TimedPromise@chrome://remote/content/marionette/sync.js:221:10
interaction.flushEventLoop@chrome://remote/content/marionette/interaction.js:431:10
webdriverClickElement@chrome://remote/content/marionette/interaction.js:179:31
console.warn: LoginRecipes: "Falling back to a synchronous message for: https://www.walcart.com."
console.warn: LoginRecipes: "Falling back to a synchronous message for: https://www.walcart.com."
console.warn: LoginRecipes: "Falling back to a synchronous message for: https://www.walcart.com."
1664058942407	Marionette	WARN	TimedPromise timed out after 500 ms: stacktrace:
TimedPromise/<@chrome://remote/content/marionette/sync.js:236:24
TimedPromise@chrome://remote/content/marionette/sync.js:221:10
interaction.flushEventLoop@chrome://remote/content/marionette/interaction.js:431:10
webdriverClickElement@chrome://remote/content/marionette/interaction.js:179:31
JavaScript error: resource://gre/modules/XULStore.jsm, line 58: Error: Can't find profile directory.
JavaScript error: resource://gre/modules/XULStore.jsm, line 58: Error: Can't find profile directory.
1664058957936	Marionette	WARN	TimedPromise timed out after 500 ms: stacktrace:
TimedPromise/<@chrome://remote/content/marionette/sync.js:236:24
TimedPromise@chrome://remote/content/marionette/sync.js:221:10
interaction.flushEventLoop@chrome://remote/content/marionette/interaction.js:431:10
webdriverClickElement@chrome://remote/content/marionette/interaction.js:179:31
1664058959381	Marionette	INFO	Stopped listening on port 54290
1664059021498	geckodriver	INFO	Listening on 127.0.0.1:54429
1664059024513	mozrunner::runner	INFO	Running command: "C:\\Program Files\\Mozilla Firefox\\firefox.exe" "--marionette" "--remote-debugging-port" "54430" "--remote-allow-hosts" "localhost" "-no-remote" "-profile" "C:\\Users\\Imran\\AppData\\Local\\Temp\\rust_mozprofileis69Bo"
1664059024768	Marionette	INFO	Marionette enabled
1664059024772	Marionette	INFO	Listening on port 54441
Read port: 54441
WebDriver BiDi listening on ws://127.0.0.1:54430
1664059024883	RemoteAgent	WARN	TLS certificate errors will be ignored for this session
console.warn: SearchSettings: "get: No settings file exists, new profile?" (new NotFoundError("Could not open the file at C:\\Users\\Imran\\AppData\\Local\\Temp\\rust_mozprofileis69Bo\\search.json.mozlz4", (void 0)))
DevTools listening on ws://127.0.0.1:54430/devtools/browser/7a9c8da7-ba54-431f-adbd-abf07d29fbf0
JavaScript error: resource://gre/modules/URIFixup.jsm, line 307: NS_ERROR_FAILURE: Should pass a non-null uri
1664059102308	Marionette	WARN	TimedPromise timed out after 500 ms: stacktrace:
TimedPromise/<@chrome://remote/content/marionette/sync.js:236:24
TimedPromise@chrome://remote/content/marionette/sync.js:221:10
interaction.flushEventLoop@chrome://remote/content/marionette/interaction.js:431:10
webdriverClickElement@chrome://remote/content/marionette/interaction.js:179:31
console.warn: LoginRecipes: "Falling back to a synchronous message for: https://www.walcart.com."
console.warn: LoginRecipes: "Falling back to a synchronous message for: https://www.walcart.com."
1664059108028	Marionette	WARN	TimedPromise timed out after 500 ms: stacktrace:
TimedPromise/<@chrome://remote/content/marionette/sync.js:236:24
TimedPromise@chrome://remote/content/marionette/sync.js:221:10
interaction.flushEventLoop@chrome://remote/content/marionette/interaction.js:431:10
webdriverClickElement@chrome://remote/content/marionette/interaction.js:179:31
1664066549571	Marionette	INFO	Stopped listening on port 54441
[Parent 24596, IPC I/O Parent] WARNING: file /builds/worker/checkouts/gecko/ipc/chromium/src/base/process_util_win.cc:167
console.warn: TopSitesFeed: Failed to fetch data from Contile server: NetworkError when attempting to fetch resource.
\\Temp\\rust_mozprofileePBoSq"
1664059592333	Marionette	INFO	Marionette enabled
1664059592337	Marionette	INFO	Listening on port 54858
WebDriver BiDi listening on ws://127.0.0.1:54847
Read port: 54858
1664059592565	RemoteAgent	WARN	TLS certificate errors will be ignored for this session
console.warn: SearchSettings: "get: No settings file exists, new profile?" (new NotFoundError("Could not open the file at C:\\Users\\Imran\\AppData\\Local\\Temp\\rust_mozprofileePBoSq\\search.json.mozlz4", (void 0)))
DevTools listening on ws://127.0.0.1:54847/devtools/browser/9a724189-0512-441b-80a9-a38aa5679d1f
JavaScript error: resource://gre/modules/URIFixup.jsm, line 307: NS_ERROR_FAILURE: Should pass a non-null uri
console.warn: LoginRecipes: "Falling back to a synchronous message for: https://www.walcart.com."
console.warn: LoginRecipes: "Falling back to a synchronous message for: https://www.walcart.com."
console.warn: LoginRecipes: "Falling back to a synchronous message for: https://www.walcart.com."
console.warn: LoginRecipes: "Falling back to a synchronous message for: https://www.walcart.com."
1664066550350	Marionette	INFO	Stopped listening on port 54858
console.warn: TopSitesFeed: Failed to fetch data from Contile server: NetworkError when attempting to fetch resource.
remote-debugging-port" "55002" "--remote-allow-hosts" "localhost" "-no-remote" "-profile" "C:\\Users\\Imran\\AppData\\Local\\Temp\\rust_mozprofileYEaCin"
1664059678485	Marionette	INFO	Marionette enabled
1664059678489	Marionette	INFO	Listening on port 55012
Read port: 55012
WebDriver BiDi listening on ws://127.0.0.1:55002
1664059678573	RemoteAgent	WARN	TLS certificate errors will be ignored for this session
console.warn: SearchSettings: "get: No settings file exists, new profile?" (new NotFoundError("Could not open the file at C:\\Users\\Imran\\AppData\\Local\\Temp\\rust_mozprofileYEaCin\\search.json.mozlz4", (void 0)))
DevTools listening on ws://127.0.0.1:55002/devtools/browser/d2a25622-f5c0-4bb9-9bbd-a0761e54a1bc
JavaScript error: resource://gre/modules/URIFixup.jsm, line 307: NS_ERROR_FAILURE: Should pass a non-null uri
console.warn: LoginRecipes: "Falling back to a synchronous message for: https://www.walcart.com."
console.warn: LoginRecipes: "Falling back to a synchronous message for: https://www.walcart.com."
console.warn: LoginRecipes: "Falling back to a synchronous message for: https://www.walcart.com."
console.warn: LoginRecipes: "Falling back to a synchronous message for: https://www.walcart.com."
JavaScript error: https://www.walcart.com/static/version1662605962/_cache/merged/95f5481c00de6d32e971c16c1237d19d.js, line 166: Error: Script error for: Magento_Catalog/js/catalog-add-to-cart
http://requirejs.org/docs/errors.html#scripterror
JavaScript error: https://www.walcart.com/static/version1662605962/_cache/merged/95f5481c00de6d32e971c16c1237d19d.js, line 166: Error: Script error for: MageBig_AjaxCart/js/catalog-add-to-cart
http://requirejs.org/docs/errors.html#scripterror
JavaScript error: https://www.walcart.com/static/version1662605962/_cache/merged/95f5481c00de6d32e971c16c1237d19d.js, line 166: Error: Script error for: Magento_ConfigurableProduct/js/catalog-add-to-cart-mixin
http://requirejs.org/docs/errors.html#scripterror
1664059712034	Marionette	INFO	Stopped listening on port 55012
1664059771283	geckodriver	INFO	Listening on 127.0.0.1:55246
1664059774285	mozrunner::runner	INFO	Running command: "C:\\Program Files\\Mozilla Firefox\\firefox.exe" "--marionette" "--remote-debugging-port" "55247" "--remote-allow-hosts" "localhost" "-no-remote" "-profile" "C:\\Users\\Imran\\AppData\\Local\\Temp\\rust_mozprofilexTnxi5"
1664059774791	Marionette	INFO	Marionette enabled
1664059774795	Marionette	INFO	Listening on port 55260
WebDriver BiDi listening on ws://127.0.0.1:55247
Read port: 55260
1664059775028	RemoteAgent	WARN	TLS certificate errors will be ignored for this session
console.warn: SearchSettings: "get: No settings file exists, new profile?" (new NotFoundError("Could not open the file at C:\\Users\\Imran\\AppData\\Local\\Temp\\rust_mozprofilexTnxi5\\search.json.mozlz4", (void 0)))
DevTools listening on ws://127.0.0.1:55247/devtools/browser/276fbf2a-ce2a-4eea-b671-4f481eb75b62
JavaScript error: resource://gre/modules/URIFixup.jsm, line 307: NS_ERROR_FAILURE: Should pass a non-null uri
console.warn: LoginRecipes: "Falling back to a synchronous message for: https://www.walcart.com."
console.warn: LoginRecipes: "Falling back to a synchronous message for: https://www.walcart.com."
console.warn: LoginRecipes: "Falling back to a synchronous message for: https://www.walcart.com."
console.warn: LoginRecipes: "Falling back to a synchronous message for: https://www.walcart.com."
JavaScript error: https://www.walcart.com/static/version1662605962/frontend/MageBig/martfury_layout02/en_US/Magento_Customer/js/customer-data.js, line 87: Error: [object Object]
1664059802072	Marionette	INFO	Stopped listening on port 55260
[Parent 27028, IPC I/O Parent] WARNING: file /builds/worker/checkouts/gecko/ipc/chromium/src/base/process_util_win.cc:167
1664059824987	geckodriver	INFO	Listening on 127.0.0.1:55368
1664059827994	mozrunner::runner	INFO	Running command: "C:\\Program Files\\Mozilla Firefox\\firefox.exe" "--marionette" "--remote-debugging-port" "55369" "--remote-allow-hosts" "localhost" "-no-remote" "-profile" "C:\\Users\\Imran\\AppData\\Local\\Temp\\rust_mozprofileaU5yGG"
1664059828255	Marionette	INFO	Marionette enabled
1664059828259	Marionette	INFO	Listening on port 55379
Read port: 55379
WebDriver BiDi listening on ws://127.0.0.1:55369
1664059828348	RemoteAgent	WARN	TLS certificate errors will be ignored for this session
console.warn: SearchSettings: "get: No settings file exists, new profile?" (new NotFoundError("Could not open the file at C:\\Users\\Imran\\AppData\\Local\\Temp\\rust_mozprofileaU5yGG\\search.json.mozlz4", (void 0)))
DevTools listening on ws://127.0.0.1:55369/devtools/browser/d14606c8-df2e-4b56-ac08-33f9cead8f09
JavaScript error: resource://gre/modules/URIFixup.jsm, line 307: NS_ERROR_FAILURE: Should pass a non-null uri
console.warn: LoginRecipes: "Falling back to a synchronous message for: https://www.walcart.com."
console.warn: LoginRecipes: "Falling back to a synchronous message for: https://www.walcart.com."
console.warn: LoginRecipes: "Falling back to a synchronous message for: https://www.walcart.com."
console.warn: LoginRecipes: "Falling back to a synchronous message for: https://www.walcart.com."
JavaScript error: https://www.walcart.com/static/version1662605962/frontend/MageBig/martfury_layout02/en_US/Magento_Customer/js/customer-data.js, line 87: Error: [object Object]
JavaScript error: resource://gre/modules/XULStore.jsm, line 58: Error: Can't find profile directory.
JavaScript error: resource://gre/modules/XULStore.jsm, line 58: Error: Can't find profile directory.
JavaScript error: https://www.walcart.com/checkout/, line 309: TypeError: dom[0] is undefined
JavaScript error: https://www.walcart.com/static/version1662605962/frontend/MageBig/martfury_layout02/en_US/Magento_ReCaptchaFrontendUi/js/reCaptcha.js, line 117: TypeError: Unable to process binding "afterRender: function(){return renderReCaptcha() }"
Message: this.settings is undefined
1664059892533	Marionette	INFO	Stopped listening on port 55379
1664060580277	geckodriver	INFO	Listening on 127.0.0.1:55955
1664060583283	mozrunner::runner	INFO	Running command: "C:\\Program Files\\Mozilla Firefox\\firefox.exe" "--marionette" "--remote-debugging-port" "55956" "--remote-allow-hosts" "localhost" "-no-remote" "-profile" "C:\\Users\\Imran\\AppData\\Local\\Temp\\rust_mozprofilem4lOcR"
1664060583555	Marionette	INFO	Marionette enabled
1664060583559	Marionette	INFO	Listening on port 55966
Read port: 55966
WebDriver BiDi listening on ws://127.0.0.1:55956
1664060583645	RemoteAgent	WARN	TLS certificate errors will be ignored for this session
console.warn: SearchSettings: "get: No settings file exists, new profile?" (new NotFoundError("Could not open the file at C:\\Users\\Imran\\AppData\\Local\\Temp\\rust_mozprofilem4lOcR\\search.json.mozlz4", (void 0)))
DevTools listening on ws://127.0.0.1:55956/devtools/browser/6b13762c-28dc-477f-94fd-523244a62871
JavaScript error: resource://gre/modules/URIFixup.jsm, line 307: NS_ERROR_FAILURE: Should pass a non-null uri
1664060599427	Marionette	WARN	TimedPromise timed out after 500 ms: stacktrace:
TimedPromise/<@chrome://remote/content/marionette/sync.js:236:24
TimedPromise@chrome://remote/content/marionette/sync.js:221:10
interaction.flushEventLoop@chrome://remote/content/marionette/interaction.js:431:10
webdriverClickElement@chrome://remote/content/marionette/interaction.js:179:31
console.warn: LoginRecipes: "Falling back to a synchronous message for: https://www.walcart.com."
console.warn: LoginRecipes: "Falling back to a synchronous message for: https://www.walcart.com."
console.warn: LoginRecipes: "Falling back to a synchronous message for: https://www.walcart.com."
console.warn: LoginRecipes: "Falling back to a synchronous message for: https://www.walcart.com."
1664060605146	Marionette	WARN	TimedPromise timed out after 500 ms: stacktrace:
TimedPromise/<@chrome://remote/content/marionette/sync.js:236:24
TimedPromise@chrome://remote/content/marionette/sync.js:221:10
interaction.flushEventLoop@chrome://remote/content/marionette/interaction.js:431:10
webdriverClickElement@chrome://remote/content/marionette/interaction.js:179:31
1664060615604	Marionette	INFO	Stopped listening on port 55966
JavaScript error: https://www.walcart.com/static/version1662605962/frontend/MageBig/martfury_layout02/en_US/Magento_Customer/js/customer-data.js, line 87: Error: [object Object]
1664060616454	geckodriver	INFO	Listening on 127.0.0.1:56076
1664060619467	mozrunner::runner	INFO	Running command: "C:\\Program Files\\Mozilla Firefox\\firefox.exe" "--marionette" "--remote-debugging-port" "56077" "--remote-allow-hosts" "localhost" "-no-remote" "-profile" "C:\\Users\\Imran\\AppData\\Local\\Temp\\rust_mozprofileLlmEzn"
1664060619793	Marionette	INFO	Marionette enabled
1664060619797	Marionette	INFO	Listening on port 56087
Read port: 56087
WebDriver BiDi listening on ws://127.0.0.1:56077
1664060619880	RemoteAgent	WARN	TLS certificate errors will be ignored for this session
console.warn: SearchSettings: "get: No settings file exists, new profile?" (new NotFoundError("Could not open the file at C:\\Users\\Imran\\AppData\\Local\\Temp\\rust_mozprofileLlmEzn\\search.json.mozlz4", (void 0)))
DevTools listening on ws://127.0.0.1:56077/devtools/browser/d9d1aa04-3ba0-4a6d-91e9-267b81244675
JavaScript error: resource://gre/modules/URIFixup.jsm, line 307: NS_ERROR_FAILURE: Should pass a non-null uri
console.warn: LoginRecipes: "Falling back to a synchronous message for: https://www.walcart.com."
console.warn: LoginRecipes: "Falling back to a synchronous message for: https://www.walcart.com."
console.warn: LoginRecipes: "Falling back to a synchronous message for: https://www.walcart.com."
console.warn: LoginRecipes: "Falling back to a synchronous message for: https://www.walcart.com."
JavaScript error: resource://gre/modules/XULStore.jsm, line 58: Error: Can't find profile directory.
JavaScript error: resource://gre/modules/XULStore.jsm, line 58: Error: Can't find profile directory.
JavaScript error: https://www.walcart.com/checkout/, line 309: TypeError: dom[0] is undefined
JavaScript error: https://www.walcart.com/static/version1662605962/frontend/MageBig/martfury_layout02/en_US/Magento_ReCaptchaFrontendUi/js/reCaptcha.js, line 117: TypeError: Unable to process binding "afterRender: function(){return renderReCaptcha() }"
Message: this.settings is undefined
1664060672831	Marionette	INFO	Stopped listening on port 56087
1664060673751	geckodriver	INFO	Listening on 127.0.0.1:56216
1664060676761	mozrunner::runner	INFO	Running command: "C:\\Program Files\\Mozilla Firefox\\firefox.exe" "--marionette" "--remote-debugging-port" "56217" "--remote-allow-hosts" "localhost" "-no-remote" "-profile" "C:\\Users\\Imran\\AppData\\Local\\Temp\\rust_mozprofile5eYu9W"
1664060677025	Marionette	INFO	Marionette enabled
1664060677029	Marionette	INFO	Listening on port 56228
Read port: 56228
WebDriver BiDi listening on ws://127.0.0.1:56217
1664060677111	RemoteAgent	WARN	TLS certificate errors will be ignored for this session
console.warn: SearchSettings: "get: No settings file exists, new profile?" (new NotFoundError("Could not open the file at C:\\Users\\Imran\\AppData\\Local\\Temp\\rust_mozprofile5eYu9W\\search.json.mozlz4", (void 0)))
DevTools listening on ws://127.0.0.1:56217/devtools/browser/1920b1dc-e63a-48ae-9398-e748e839f743
1664060687365	Marionette	WARN	TimedPromise timed out after 500 ms: stacktrace:
TimedPromise/<@chrome://remote/content/marionette/sync.js:236:24
TimedPromise@chrome://remote/content/marionette/sync.js:221:10
interaction.flushEventLoop@chrome://remote/content/marionette/interaction.js:431:10
webdriverClickElement@chrome://remote/content/marionette/interaction.js:179:31
1664060788483	Marionette	INFO	Stopped listening on port 56228
console.warn: TopSitesFeed: Failed to fetch data from Contile server: NetworkError when attempting to fetch resource.
1664060833885	geckodriver	INFO	Listening on 127.0.0.1:56384
1664060836903	mozrunner::runner	INFO	Running command: "C:\\Program Files\\Mozilla Firefox\\firefox.exe" "--marionette" "--remote-debugging-port" "56385" "--remote-allow-hosts" "localhost" "-no-remote" "-profile" "C:\\Users\\Imran\\AppData\\Local\\Temp\\rust_mozprofileKXTNRy"
1664060837166	Marionette	INFO	Marionette enabled
1664060837170	Marionette	INFO	Listening on port 56396
Read port: 56396
WebDriver BiDi listening on ws://127.0.0.1:56385
1664060837252	RemoteAgent	WARN	TLS certificate errors will be ignored for this session
console.warn: SearchSettings: "get: No settings file exists, new profile?" (new NotFoundError("Could not open the file at C:\\Users\\Imran\\AppData\\Local\\Temp\\rust_mozprofileKXTNRy\\search.json.mozlz4", (void 0)))
DevTools listening on ws://127.0.0.1:56385/devtools/browser/8c0d8496-438a-42f2-8da2-023472f675c3
JavaScript error: resource://gre/modules/URIFixup.jsm, line 307: NS_ERROR_FAILURE: Should pass a non-null uri
console.warn: LoginRecipes: "Falling back to a synchronous message for: https://www.walcart.com."
console.warn: LoginRecipes: "Falling back to a synchronous message for: https://www.walcart.com."
console.warn: LoginRecipes: "Falling back to a synchronous message for: https://www.walcart.com."
JavaScript error: https://www.walcart.com/static/version1662605962/_cache/merged/95f5481c00de6d32e971c16c1237d19d.js, line 166: Error: Script error for: Magento_ReCaptchaFrontendUi/js/ui-messages-mixin
http://requirejs.org/docs/errors.html#scripterror
JavaScript error: https://www.walcart.com/static/version1662605962/_cache/merged/95f5481c00de6d32e971c16c1237d19d.js, line 166: Error: Script error for: intlTelInput
http://requirejs.org/docs/errors.html#scripterror
JavaScript error: https://www.walcart.com/static/version1662605962/_cache/merged/95f5481c00de6d32e971c16c1237d19d.js, line 166: Error: Script error for: Magento_Ui/js/view/messages
http://requirejs.org/docs/errors.html#scripterror
JavaScript error: resource://gre/modules/XULStore.jsm, line 58: Error: Can't find profile directory.
JavaScript error: resource://gre/modules/XULStore.jsm, line 58: Error: Can't find profile directory.
1664060892420	Marionette	INFO	Stopped listening on port 56396
1664060893283	geckodriver	INFO	Listening on 127.0.0.1:56521
1664060896294	mozrunner::runner	INFO	Running command: "C:\\Program Files\\Mozilla Firefox\\firefox.exe" "--marionette" "--remote-debugging-port" "56522" "--remote-allow-hosts" "localhost" "-no-remote" "-profile" "C:\\Users\\Imran\\AppData\\Local\\Temp\\rust_mozprofileXtkFyw"
1664060896553	Marionette	INFO	Marionette enabled
1664060896556	Marionette	INFO	Listening on port 56532
Read port: 56532
WebDriver BiDi listening on ws://127.0.0.1:56522
1664060896641	RemoteAgent	WARN	TLS certificate errors will be ignored for this session
console.warn: SearchSettings: "get: No settings file exists, new profile?" (new NotFoundError("Could not open the file at C:\\Users\\Imran\\AppData\\Local\\Temp\\rust_mozprofileXtkFyw\\search.json.mozlz4", (void 0)))
DevTools listening on ws://127.0.0.1:56522/devtools/browser/9235379a-8b5a-4f49-b48e-e6bf22bf15fc
JavaScript error: resource://gre/modules/URIFixup.jsm, line 307: NS_ERROR_FAILURE: Should pass a non-null uri
console.warn: LoginRecipes: "Falling back to a synchronous message for: https://www.walcart.com."
console.warn: LoginRecipes: "Falling back to a synchronous message for: https://www.walcart.com."
JavaScript error: resource://gre/modules/XULStore.jsm, line 58: Error: Can't find profile directory.
JavaScript error: resource://gre/modules/XULStore.jsm, line 58: Error: Can't find profile directory.
JavaScript error: https://www.walcart.com/checkout/, line 309: TypeError: dom[0] is undefined
JavaScript error: https://www.walcart.com/static/version1662605962/frontend/MageBig/martfury_layout02/en_US/Magento_ReCaptchaFrontendUi/js/reCaptcha.js, line 117: TypeError: Unable to process binding "afterRender: function(){return renderReCaptcha() }"
Message: this.settings is undefined
1664060946453	Marionette	INFO	Stopped listening on port 56532
1664060947359	geckodriver	INFO	Listening on 127.0.0.1:56654
1664060950359	mozrunner::runner	INFO	Running command: "C:\\Program Files\\Mozilla Firefox\\firefox.exe" "--marionette" "--remote-debugging-port" "56655" "--remote-allow-hosts" "localhost" "-no-remote" "-profile" "C:\\Users\\Imran\\AppData\\Local\\Temp\\rust_mozprofileSS6bZ8"
1664060950615	Marionette	INFO	Marionette enabled
1664060950619	Marionette	INFO	Listening on port 56665
Read port: 56665
WebDriver BiDi listening on ws://127.0.0.1:56655
1664060950718	RemoteAgent	WARN	TLS certificate errors will be ignored for this session
console.warn: SearchSettings: "get: No settings file exists, new profile?" (new NotFoundError("Could not open the file at C:\\Users\\Imran\\AppData\\Local\\Temp\\rust_mozprofileSS6bZ8\\search.json.mozlz4", (void 0)))
DevTools listening on ws://127.0.0.1:56655/devtools/browser/23f49b31-de87-4001-b4ac-80613d552c16
JavaScript error: resource://gre/modules/URIFixup.jsm, line 307: NS_ERROR_FAILURE: Should pass a non-null uri
console.warn: LoginRecipes: "Falling back to a synchronous message for: https://www.walcart.com."
console.warn: LoginRecipes: "Falling back to a synchronous message for: https://www.walcart.com."
JavaScript error: https://www.walcart.com/static/version1662605962/_cache/merged/95f5481c00de6d32e971c16c1237d19d.js, line 166: Error: Script error for: intlTelInput
http://requirejs.org/docs/errors.html#scripterror
JavaScript error: https://www.walcart.com/static/version1662605962/_cache/merged/95f5481c00de6d32e971c16c1237d19d.js, line 166: Error: Script error for: Magento_Captcha/js/view/checkout/defaultCaptcha
http://requirejs.org/docs/errors.html#scripterror
JavaScript error: https://www.walcart.com/static/version1662605962/_cache/merged/95f5481c00de6d32e971c16c1237d19d.js, line 166: Error: Script error for: Magento_PaypalCaptcha/js/view/checkout/defaultCaptcha-mixin
http://requirejs.org/docs/errors.html#scripterror
JavaScript error: https://www.walcart.com/static/version1662605962/_cache/merged/95f5481c00de6d32e971c16c1237d19d.js, line 166: Error: Script error for: Magento_Theme/js/view/messages
http://requirejs.org/docs/errors.html#scripterror
JavaScript error: https://www.walcart.com/static/version1662605962/_cache/merged/95f5481c00de6d32e971c16c1237d19d.js, line 166: Error: Script error for: jquery-ui-modules/effect-blind
http://requirejs.org/docs/errors.html#scripterror
JavaScript error: https://www.walcart.com/static/version1662605962/_cache/merged/95f5481c00de6d32e971c16c1237d19d.js, line 166: Error: Script error for: MageBig_AjaxCart/js/sidebar
http://requirejs.org/docs/errors.html#scripterror
JavaScript error: https://www.walcart.com/static/version1662605962/_cache/merged/95f5481c00de6d32e971c16c1237d19d.js, line 166: Error: Script error for: Magento_Checkout/js/sidebar
http://requirejs.org/docs/errors.html#scripterror
JavaScript error: https://www.walcart.com/static/version1662605962/_cache/merged/95f5481c00de6d32e971c16c1237d19d.js, line 166: Error: Script error for: Magento_Theme/js/view/messages-fix
http://requirejs.org/docs/errors.html#scripterror
JavaScript error: https://www.walcart.com/static/version1662605962/_cache/merged/95f5481c00de6d32e971c16c1237d19d.js, line 166: Error: Script error for: Magento_ReCaptchaFrontendUi/js/registry
http://requirejs.org/docs/errors.html#scripterror
1664060977923	Marionette	INFO	Stopped listening on port 56665
1664061079602	geckodriver	INFO	Listening on 127.0.0.1:56804
1664061082618	mozrunner::runner	INFO	Running command: "C:\\Program Files\\Mozilla Firefox\\firefox.exe" "--marionette" "--remote-debugging-port" "56805" "--remote-allow-hosts" "localhost" "-no-remote" "-profile" "C:\\Users\\Imran\\AppData\\Local\\Temp\\rust_mozprofileC7aQ45"
1664061082876	Marionette	INFO	Marionette enabled
1664061082880	Marionette	INFO	Listening on port 56816
Read port: 56816
WebDriver BiDi listening on ws://127.0.0.1:56805
1664061082966	RemoteAgent	WARN	TLS certificate errors will be ignored for this session
console.warn: SearchSettings: "get: No settings file exists, new profile?" (new NotFoundError("Could not open the file at C:\\Users\\Imran\\AppData\\Local\\Temp\\rust_mozprofileC7aQ45\\search.json.mozlz4", (void 0)))
DevTools listening on ws://127.0.0.1:56805/devtools/browser/08d92bf8-4647-4bc4-9199-40ae40fa69fb
JavaScript error: resource://gre/modules/URIFixup.jsm, line 307: NS_ERROR_FAILURE: Should pass a non-null uri
console.warn: LoginRecipes: "Falling back to a synchronous message for: https://www.walcart.com."
console.warn: LoginRecipes: "Falling back to a synchronous message for: https://www.walcart.com."
console.warn: LoginRecipes: "Falling back to a synchronous message for: https://www.walcart.com."
console.warn: LoginRecipes: "Falling back to a synchronous message for: https://www.walcart.com."
JavaScript error: https://www.walcart.com/static/version1662605962/_cache/merged/95f5481c00de6d32e971c16c1237d19d.js, line 166: Error: Script error for: jquery/jquery.metadata
http://requirejs.org/docs/errors.html#scripterror
JavaScript error: resource://gre/modules/XULStore.jsm, line 58: Error: Can't find profile directory.
JavaScript error: resource://gre/modules/XULStore.jsm, line 58: Error: Can't find profile directory.
1664061122951	Marionette	INFO	Stopped listening on port 56816
JavaScript error: resource://gre/actors/ContentMetaChild.jsm, line 183: InvalidStateError: JSWindowActorChild.sendAsyncMessage: JSWindowActorChild cannot send at the moment
[Parent 1836, IPC I/O Parent] WARNING: file /builds/worker/checkouts/gecko/ipc/chromium/src/base/process_util_win.cc:167
1664061123884	geckodriver	INFO	Listening on 127.0.0.1:56946
1664061126893	mozrunner::runner	INFO	Running command: "C:\\Program Files\\Mozilla Firefox\\firefox.exe" "--marionette" "--remote-debugging-port" "56947" "--remote-allow-hosts" "localhost" "-no-remote" "-profile" "C:\\Users\\Imran\\AppData\\Local\\Temp\\rust_mozprofileQbySo8"
1664061127153	Marionette	INFO	Marionette enabled
1664061127157	Marionette	INFO	Listening on port 56958
Read port: 56958
WebDriver BiDi listening on ws://127.0.0.1:56947
1664061127245	RemoteAgent	WARN	TLS certificate errors will be ignored for this session
console.warn: SearchSettings: "get: No settings file exists, new profile?" (new NotFoundError("Could not open the file at C:\\Users\\Imran\\AppData\\Local\\Temp\\rust_mozprofileQbySo8\\search.json.mozlz4", (void 0)))
DevTools listening on ws://127.0.0.1:56947/devtools/browser/7f9a6fb4-6a28-49ac-8af7-652ab4067745
JavaScript error: resource://gre/modules/URIFixup.jsm, line 307: NS_ERROR_FAILURE: Should pass a non-null uri
1664061143386	Marionette	WARN	TimedPromise timed out after 500 ms: stacktrace:
TimedPromise/<@chrome://remote/content/marionette/sync.js:236:24
TimedPromise@chrome://remote/content/marionette/sync.js:221:10
interaction.flushEventLoop@chrome://remote/content/marionette/interaction.js:431:10
webdriverClickElement@chrome://remote/content/marionette/interaction.js:179:31
console.warn: LoginRecipes: "Falling back to a synchronous message for: https://www.walcart.com."
console.warn: LoginRecipes: "Falling back to a synchronous message for: https://www.walcart.com."
1664061149105	Marionette	WARN	TimedPromise timed out after 500 ms: stacktrace:
TimedPromise/<@chrome://remote/content/marionette/sync.js:236:24
TimedPromise@chrome://remote/content/marionette/sync.js:221:10
interaction.flushEventLoop@chrome://remote/content/marionette/interaction.js:431:10
webdriverClickElement@chrome://remote/content/marionette/interaction.js:179:31
1664061162983	geckodriver	INFO	Listening on 127.0.0.1:57047
1664061165997	mozrunner::runner	INFO	Running command: "C:\\Program Files\\Mozilla Firefox\\firefox.exe" "--marionette" "--remote-debugging-port" "57048" "--remote-allow-hosts" "localhost" "-no-remote" "-profile" "C:\\Users\\Imran\\AppData\\Local\\Temp\\rust_mozprofile8GrLxh"
1664061166296	Marionette	INFO	Marionette enabled
1664061166300	Marionette	INFO	Listening on port 57062
Read port: 57062
WebDriver BiDi listening on ws://127.0.0.1:57048
1664061166395	RemoteAgent	WARN	TLS certificate errors will be ignored for this session
console.warn: SearchSettings: "get: No settings file exists, new profile?" (new NotFoundError("Could not open the file at C:\\Users\\Imran\\AppData\\Local\\Temp\\rust_mozprofile8GrLxh\\search.json.mozlz4", (void 0)))
DevTools listening on ws://127.0.0.1:57048/devtools/browser/ae73437c-a56c-4c76-9b4e-dd58090863b6
1664061178189	geckodriver	INFO	Listening on 127.0.0.1:57125
1664061181213	mozrunner::runner	INFO	Running command: "C:\\Program Files\\Mozilla Firefox\\firefox.exe" "--marionette" "--remote-debugging-port" "57126" "--remote-allow-hosts" "localhost" "-no-remote" "-profile" "C:\\Users\\Imran\\AppData\\Local\\Temp\\rust_mozprofileEWADoG"
1664061181469	Marionette	INFO	Marionette enabled
1664061181473	Marionette	INFO	Listening on port 57137
Read port: 57137
WebDriver BiDi listening on ws://127.0.0.1:57126
1664061181562	RemoteAgent	WARN	TLS certificate errors will be ignored for this session
console.warn: SearchSettings: "get: No settings file exists, new profile?" (new NotFoundError("Could not open the file at C:\\Users\\Imran\\AppData\\Local\\Temp\\rust_mozprofileEWADoG\\search.json.mozlz4", (void 0)))
DevTools listening on ws://127.0.0.1:57126/devtools/browser/7fc4f3d9-e342-41a0-b19e-cdc0e29a2d44
JavaScript error: resource://gre/modules/URIFixup.jsm, line 307: NS_ERROR_FAILURE: Should pass a non-null uri
console.warn: LoginRecipes: "Falling back to a synchronous message for: https://www.walcart.com."
console.warn: LoginRecipes: "Falling back to a synchronous message for: https://www.walcart.com."
console.warn: LoginRecipes: "Falling back to a synchronous message for: https://www.walcart.com."
console.warn: LoginRecipes: "Falling back to a synchronous message for: https://www.walcart.com."
1664066550795	Marionette	INFO	Stopped listening on port 57137
console.warn: TopSitesFeed: Failed to fetch data from Contile server: NetworkError when attempting to fetch resource.
remote-debugging-port" "57236" "--remote-allow-hosts" "localhost" "-no-remote" "-profile" "C:\\Users\\Imran\\AppData\\Local\\Temp\\rust_mozprofileXFkokM"
1664061217201	Marionette	INFO	Marionette enabled
1664061217205	Marionette	INFO	Listening on port 57250
Read port: 57250
WebDriver BiDi listening on ws://127.0.0.1:57236
1664061217293	RemoteAgent	WARN	TLS certificate errors will be ignored for this session
console.warn: SearchSettings: "get: No settings file exists, new profile?" (new NotFoundError("Could not open the file at C:\\Users\\Imran\\AppData\\Local\\Temp\\rust_mozprofileXFkokM\\search.json.mozlz4", (void 0)))
DevTools listening on ws://127.0.0.1:57236/devtools/browser/86409e0c-68bc-42bb-b519-1081fb02334b
JavaScript error: resource://gre/modules/URIFixup.jsm, line 307: NS_ERROR_FAILURE: Should pass a non-null uri
console.warn: LoginRecipes: "Falling back to a synchronous message for: https://www.walcart.com."
console.warn: LoginRecipes: "Falling back to a synchronous message for: https://www.walcart.com."
console.warn: LoginRecipes: "Falling back to a synchronous message for: https://www.walcart.com."
console.warn: LoginRecipes: "Falling back to a synchronous message for: https://www.walcart.com."
1664066552317	Marionette	INFO	Stopped listening on port 57250
console.warn: TopSitesFeed: Failed to fetch data from Contile server: NetworkError when attempting to fetch resource.
remote-debugging-port" "57357" "--remote-allow-hosts" "localhost" "-no-remote" "-profile" "C:\\Users\\Imran\\AppData\\Local\\Temp\\rust_mozprofileJtSJ4y"
1664061252232	Marionette	INFO	Marionette enabled
1664061252237	Marionette	INFO	Listening on port 57371
WebDriver BiDi listening on ws://127.0.0.1:57357
Read port: 57371
1664061252413	RemoteAgent	WARN	TLS certificate errors will be ignored for this session
console.warn: SearchSettings: "get: No settings file exists, new profile?" (new NotFoundError("Could not open the file at C:\\Users\\Imran\\AppData\\Local\\Temp\\rust_mozprofileJtSJ4y\\search.json.mozlz4", (void 0)))
DevTools listening on ws://127.0.0.1:57357/devtools/browser/77fa7695-0eee-469e-8b53-c6ff72267da1
JavaScript error: resource://gre/modules/URIFixup.jsm, line 307: NS_ERROR_FAILURE: Should pass a non-null uri
console.warn: LoginRecipes: "Falling back to a synchronous message for: https://www.walcart.com."
console.warn: LoginRecipes: "Falling back to a synchronous message for: https://www.walcart.com."
console.warn: LoginRecipes: "Falling back to a synchronous message for: https://www.walcart.com."
console.warn: LoginRecipes: "Falling back to a synchronous message for: https://www.walcart.com."
1664066553906	Marionette	INFO	Stopped listening on port 57371
console.warn: TopSitesFeed: Failed to fetch data from Contile server: NetworkError when attempting to fetch resource.
remote-debugging-port" "58065" "--remote-allow-hosts" "localhost" "-no-remote" "-profile" "C:\\Users\\Imran\\AppData\\Local\\Temp\\rust_mozprofileihWlMn"
1664062327122	Marionette	INFO	Marionette enabled
1664062327126	Marionette	INFO	Listening on port 58076
WebDriver BiDi listening on ws://127.0.0.1:58065
Read port: 58076
1664062327352	RemoteAgent	WARN	TLS certificate errors will be ignored for this session
console.warn: SearchSettings: "get: No settings file exists, new profile?" (new NotFoundError("Could not open the file at C:\\Users\\Imran\\AppData\\Local\\Temp\\rust_mozprofileihWlMn\\search.json.mozlz4", (void 0)))
DevTools listening on ws://127.0.0.1:58065/devtools/browser/d8681f30-abdc-4b85-b478-9dba485109da
JavaScript error: resource://gre/modules/URIFixup.jsm, line 307: NS_ERROR_FAILURE: Should pass a non-null uri
console.warn: LoginRecipes: "Falling back to a synchronous message for: https://www.walcart.com."
console.warn: LoginRecipes: "Falling back to a synchronous message for: https://www.walcart.com."
console.warn: LoginRecipes: "Falling back to a synchronous message for: https://www.walcart.com."
console.warn: LoginRecipes: "Falling back to a synchronous message for: https://www.walcart.com."
1664066555073	Marionette	INFO	Stopped listening on port 58076
console.warn: TopSitesFeed: Failed to fetch data from Contile server: NetworkError when attempting to fetch resource.
remote-debugging-port" "58181" "--remote-allow-hosts" "localhost" "-no-remote" "-profile" "C:\\Users\\Imran\\AppData\\Local\\Temp\\rust_mozprofileBnc9M6"
1664062363606	Marionette	INFO	Marionette enabled
1664062363610	Marionette	INFO	Listening on port 58194
Read port: 58194
WebDriver BiDi listening on ws://127.0.0.1:58181
1664062363703	RemoteAgent	WARN	TLS certificate errors will be ignored for this session
console.warn: SearchSettings: "get: No settings file exists, new profile?" (new NotFoundError("Could not open the file at C:\\Users\\Imran\\AppData\\Local\\Temp\\rust_mozprofileBnc9M6\\search.json.mozlz4", (void 0)))
DevTools listening on ws://127.0.0.1:58181/devtools/browser/7532be26-ac76-4d0c-90f4-2e4d1c799b48
JavaScript error: resource://gre/modules/URIFixup.jsm, line 307: NS_ERROR_FAILURE: Should pass a non-null uri
console.warn: LoginRecipes: "Falling back to a synchronous message for: https://www.walcart.com."
console.warn: LoginRecipes: "Falling back to a synchronous message for: https://www.walcart.com."
console.warn: LoginRecipes: "Falling back to a synchronous message for: https://www.walcart.com."
console.warn: LoginRecipes: "Falling back to a synchronous message for: https://www.walcart.com."
1664066555942	Marionette	INFO	Stopped listening on port 58194
console.warn: TopSitesFeed: Failed to fetch data from Contile server: NetworkError when attempting to fetch resource.
remote-debugging-port" "58294" "--remote-allow-hosts" "localhost" "-no-remote" "-profile" "C:\\Users\\Imran\\AppData\\Local\\Temp\\rust_mozprofilercW8Oy"
1664062399105	Marionette	INFO	Marionette enabled
1664062399109	Marionette	INFO	Listening on port 58308
Read port: 58308
WebDriver BiDi listening on ws://127.0.0.1:58294
1664062399207	RemoteAgent	WARN	TLS certificate errors will be ignored for this session
console.warn: SearchSettings: "get: No settings file exists, new profile?" (new NotFoundError("Could not open the file at C:\\Users\\Imran\\AppData\\Local\\Temp\\rust_mozprofilercW8Oy\\search.json.mozlz4", (void 0)))
DevTools listening on ws://127.0.0.1:58294/devtools/browser/9524c6f8-9ca8-42b2-9568-f5aff7e92b89
JavaScript error: resource://gre/modules/URIFixup.jsm, line 307: NS_ERROR_FAILURE: Should pass a non-null uri
console.warn: LoginRecipes: "Falling back to a synchronous message for: https://www.walcart.com."
console.warn: LoginRecipes: "Falling back to a synchronous message for: https://www.walcart.com."
console.warn: LoginRecipes: "Falling back to a synchronous message for: https://www.walcart.com."
console.warn: LoginRecipes: "Falling back to a synchronous message for: https://www.walcart.com."
JavaScript error: https://www.walcart.com/static/version1662605962/frontend/MageBig/martfury_layout02/en_US/Magento_Customer/js/customer-data.js, line 87: Error: [object Object]
1664066556877	Marionette	INFO	Stopped listening on port 58308
console.warn: TopSitesFeed: Failed to fetch data from Contile server: NetworkError when attempting to fetch resource.
remote-debugging-port" "58875" "--remote-allow-hosts" "localhost" "-no-remote" "-profile" "C:\\Users\\Imran\\AppData\\Local\\Temp\\rust_mozprofileMNBPgp"
1664063227680	Marionette	INFO	Marionette enabled
1664063227685	Marionette	INFO	Listening on port 58887
Read port: 58887
WebDriver BiDi listening on ws://127.0.0.1:58875
1664063227794	RemoteAgent	WARN	TLS certificate errors will be ignored for this session
console.warn: SearchSettings: "get: No settings file exists, new profile?" (new NotFoundError("Could not open the file at C:\\Users\\Imran\\AppData\\Local\\Temp\\rust_mozprofileMNBPgp\\search.json.mozlz4", (void 0)))
DevTools listening on ws://127.0.0.1:58875/devtools/browser/7b524843-2e99-4e0e-b62d-91ce5df22ac2
JavaScript error: resource://gre/modules/URIFixup.jsm, line 307: NS_ERROR_FAILURE: Should pass a non-null uri
console.warn: LoginRecipes: "Falling back to a synchronous message for: https://www.walcart.com."
console.warn: LoginRecipes: "Falling back to a synchronous message for: https://www.walcart.com."
console.warn: LoginRecipes: "Falling back to a synchronous message for: https://www.walcart.com."
console.warn: LoginRecipes: "Falling back to a synchronous message for: https://www.walcart.com."
1664065214881	Marionette	INFO	Stopped listening on port 58887
console.warn: TopSitesFeed: Failed to fetch data from Contile server: NetworkError when attempting to fetch resource.
[Parent 28396, IPC I/O Parent] WARNING: file /builds/worker/checkouts/gecko/ipc/chromium/src/base/process_util_win.cc:167
\\Temp\\rust_mozprofile8pFnIc"
1664063263394	Marionette	INFO	Marionette enabled
1664063263398	Marionette	INFO	Listening on port 59001
Read port: 59001
WebDriver BiDi listening on ws://127.0.0.1:58988
1664063263482	RemoteAgent	WARN	TLS certificate errors will be ignored for this session
console.warn: SearchSettings: "get: No settings file exists, new profile?" (new NotFoundError("Could not open the file at C:\\Users\\Imran\\AppData\\Local\\Temp\\rust_mozprofile8pFnIc\\search.json.mozlz4", (void 0)))
DevTools listening on ws://127.0.0.1:58988/devtools/browser/823788fb-89e6-4e9b-9ef3-bb121f846a11
JavaScript error: resource://gre/modules/URIFixup.jsm, line 307: NS_ERROR_FAILURE: Should pass a non-null uri
console.warn: LoginRecipes: "Falling back to a synchronous message for: https://www.walcart.com."
console.warn: LoginRecipes: "Falling back to a synchronous message for: https://www.walcart.com."
console.warn: LoginRecipes: "Falling back to a synchronous message for: https://www.walcart.com."
console.warn: LoginRecipes: "Falling back to a synchronous message for: https://www.walcart.com."
1664065214188	Marionette	INFO	Stopped listening on port 59001
console.warn: TopSitesFeed: Failed to fetch data from Contile server: NetworkError when attempting to fetch resource.
remote-debugging-port" "59099" "--remote-allow-hosts" "localhost" "-no-remote" "-profile" "C:\\Users\\Imran\\AppData\\Local\\Temp\\rust_mozprofileCotrmZ"
1664063298382	Marionette	INFO	Marionette enabled
1664063298386	Marionette	INFO	Listening on port 59114
WebDriver BiDi listening on ws://127.0.0.1:59099
Read port: 59114
1664063298608	RemoteAgent	WARN	TLS certificate errors will be ignored for this session
console.warn: SearchSettings: "get: No settings file exists, new profile?" (new NotFoundError("Could not open the file at C:\\Users\\Imran\\AppData\\Local\\Temp\\rust_mozprofileCotrmZ\\search.json.mozlz4", (void 0)))
DevTools listening on ws://127.0.0.1:59099/devtools/browser/d86f70f3-0ce9-4af8-b334-50fa6ebaab4a
JavaScript error: resource://gre/modules/URIFixup.jsm, line 307: NS_ERROR_FAILURE: Should pass a non-null uri
console.warn: LoginRecipes: "Falling back to a synchronous message for: https://www.walcart.com."
console.warn: LoginRecipes: "Falling back to a synchronous message for: https://www.walcart.com."
console.warn: LoginRecipes: "Falling back to a synchronous message for: https://www.walcart.com."
console.warn: LoginRecipes: "Falling back to a synchronous message for: https://www.walcart.com."
1664065213338	Marionette	INFO	Stopped listening on port 59114
console.warn: TopSitesFeed: Failed to fetch data from Contile server: NetworkError when attempting to fetch resource.
1664065246550	geckodriver	INFO	Listening on 127.0.0.1:60272
1664065249563	mozrunner::runner	INFO	Running command: "C:\\Program Files\\Mozilla Firefox\\firefox.exe" "--marionette" "--remote-debugging-port" "60273" "--remote-allow-hosts" "localhost" "-no-remote" "-profile" "C:\\Users\\Imran\\AppData\\Local\\Temp\\rust_mozprofileotmt3f"
1664065249841	Marionette	INFO	Marionette enabled
1664065249845	Marionette	INFO	Listening on port 60283
Read port: 60283
WebDriver BiDi listening on ws://127.0.0.1:60273
1664065249934	RemoteAgent	WARN	TLS certificate errors will be ignored for this session
console.warn: SearchSettings: "get: No settings file exists, new profile?" (new NotFoundError("Could not open the file at C:\\Users\\Imran\\AppData\\Local\\Temp\\rust_mozprofileotmt3f\\search.json.mozlz4", (void 0)))
DevTools listening on ws://127.0.0.1:60273/devtools/browser/f0560b52-69fa-4e0b-a56f-d6bff1c93d3c
JavaScript error: resource://gre/modules/URIFixup.jsm, line 307: NS_ERROR_FAILURE: Should pass a non-null uri
console.warn: LoginRecipes: "Falling back to a synchronous message for: https://www.walcart.com."
console.warn: LoginRecipes: "Falling back to a synchronous message for: https://www.walcart.com."
console.warn: LoginRecipes: "Falling back to a synchronous message for: https://www.walcart.com."
JavaScript error: resource://gre/modules/XULStore.jsm, line 58: Error: Can't find profile directory.
JavaScript error: resource://gre/modules/XULStore.jsm, line 58: Error: Can't find profile directory.
1664065336586	Marionette	INFO	Stopped listening on port 60283
1664065337464	geckodriver	INFO	Listening on 127.0.0.1:60484
1664065340466	mozrunner::runner	INFO	Running command: "C:\\Program Files\\Mozilla Firefox\\firefox.exe" "--marionette" "--remote-debugging-port" "60485" "--remote-allow-hosts" "localhost" "-no-remote" "-profile" "C:\\Users\\Imran\\AppData\\Local\\Temp\\rust_mozprofileZJbcC6"
1664065340746	Marionette	INFO	Marionette enabled
1664065340750	Marionette	INFO	Listening on port 60495
Read port: 60495
WebDriver BiDi listening on ws://127.0.0.1:60485
1664065340834	RemoteAgent	WARN	TLS certificate errors will be ignored for this session
console.warn: SearchSettings: "get: No settings file exists, new profile?" (new NotFoundError("Could not open the file at C:\\Users\\Imran\\AppData\\Local\\Temp\\rust_mozprofileZJbcC6\\search.json.mozlz4", (void 0)))
DevTools listening on ws://127.0.0.1:60485/devtools/browser/d85ca3ec-b344-4e3c-ae72-5d79184b2b44
JavaScript error: resource://gre/modules/URIFixup.jsm, line 307: NS_ERROR_FAILURE: Should pass a non-null uri
console.warn: LoginRecipes: "Falling back to a synchronous message for: https://www.walcart.com."
console.warn: LoginRecipes: "Falling back to a synchronous message for: https://www.walcart.com."
console.warn: LoginRecipes: "Falling back to a synchronous message for: https://www.walcart.com."
console.warn: LoginRecipes: "Falling back to a synchronous message for: https://www.walcart.com."
JavaScript error: resource://gre/modules/XULStore.jsm, line 58: Error: Can't find profile directory.
JavaScript error: resource://gre/modules/XULStore.jsm, line 58: Error: Can't find profile directory.
JavaScript error: https://www.walcart.com/checkout/, line 309: TypeError: dom[0] is undefined
JavaScript error: https://www.walcart.com/static/version1662605962/frontend/MageBig/martfury_layout02/en_US/Magento_ReCaptchaFrontendUi/js/reCaptcha.js, line 117: TypeError: Unable to process binding "afterRender: function(){return renderReCaptcha() }"
Message: this.settings is undefined
1664065438023	Marionette	INFO	Stopped listening on port 60495
[Parent 14780, IPC I/O Parent] WARNING: file /builds/worker/checkouts/gecko/ipc/chromium/src/base/process_util_win.cc:167
1664065438875	geckodriver	INFO	Listening on 127.0.0.1:60685
1664065441910	mozrunner::runner	INFO	Running command: "C:\\Program Files\\Mozilla Firefox\\firefox.exe" "--marionette" "--remote-debugging-port" "60686" "--remote-allow-hosts" "localhost" "-no-remote" "-profile" "C:\\Users\\Imran\\AppData\\Local\\Temp\\rust_mozprofileGE0m1b"
1664065442377	Marionette	INFO	Marionette enabled
1664065442382	Marionette	INFO	Listening on port 60696
Read port: 60696
WebDriver BiDi listening on ws://127.0.0.1:60686
1664065442469	RemoteAgent	WARN	TLS certificate errors will be ignored for this session
console.warn: SearchSettings: "get: No settings file exists, new profile?" (new NotFoundError("Could not open the file at C:\\Users\\Imran\\AppData\\Local\\Temp\\rust_mozprofileGE0m1b\\search.json.mozlz4", (void 0)))
DevTools listening on ws://127.0.0.1:60686/devtools/browser/51200980-e61b-4296-9389-65d4787beeb6
JavaScript error: resource://gre/modules/URIFixup.jsm, line 307: NS_ERROR_FAILURE: Should pass a non-null uri
console.warn: LoginRecipes: "Falling back to a synchronous message for: https://www.walcart.com."
console.warn: LoginRecipes: "Falling back to a synchronous message for: https://www.walcart.com."
console.warn: LoginRecipes: "Falling back to a synchronous message for: https://www.walcart.com."
console.warn: LoginRecipes: "Falling back to a synchronous message for: https://www.walcart.com."
JavaScript error: https://www.walcart.com/static/version1662605962/_cache/merged/95f5481c00de6d32e971c16c1237d19d.js, line 166: Error: Script error for: Magento_PaypalCaptcha/js/view/checkout/defaultCaptcha-mixin
http://requirejs.org/docs/errors.html#scripterror
JavaScript error: https://www.walcart.com/static/version1662605962/_cache/merged/95f5481c00de6d32e971c16c1237d19d.js, line 166: Error: Script error for: jquery-ui-modules/effect
http://requirejs.org/docs/errors.html#scripterror
JavaScript error: https://www.walcart.com/static/version1662605962/_cache/merged/95f5481c00de6d32e971c16c1237d19d.js, line 166: Error: Script error for: mage/decorate
http://requirejs.org/docs/errors.html#scripterror
JavaScript error: https://www.walcart.com/static/version1662605962/_cache/merged/95f5481c00de6d32e971c16c1237d19d.js, line 166: Error: Script error for: mage/collapsible
http://requirejs.org/docs/errors.html#scripterror
JavaScript error: https://www.walcart.com/static/version1662605962/_cache/merged/95f5481c00de6d32e971c16c1237d19d.js, line 166: Error: Script error for: jquery-ui-modules/effect-fade
http://requirejs.org/docs/errors.html#scripterror
JavaScript error: https://www.walcart.com/static/version1662605962/_cache/merged/95f5481c00de6d32e971c16c1237d19d.js, line 166: Error: Script error for: Magento_Captcha/js/model/captcha
http://requirejs.org/docs/errors.html#scripterror
JavaScript error: resource://gre/modules/XULStore.jsm, line 58: Error: Can't find profile directory.
JavaScript error: resource://gre/modules/XULStore.jsm, line 58: Error: Can't find profile directory.
JavaScript error: https://www.walcart.com/checkout/, line 309: TypeError: dom[0] is undefined
JavaScript error: https://www.walcart.com/static/version1662605962/frontend/MageBig/martfury_layout02/en_US/Magento_ReCaptchaFrontendUi/js/reCaptcha.js, line 117: TypeError: Unable to process binding "afterRender: function(){return renderReCaptcha() }"
Message: this.settings is undefined
1664065534005	Marionette	INFO	Stopped listening on port 60696
1664065652572	geckodriver	INFO	Listening on 127.0.0.1:60956
1664065655588	mozrunner::runner	INFO	Running command: "C:\\Program Files\\Mozilla Firefox\\firefox.exe" "--marionette" "--remote-debugging-port" "60957" "--remote-allow-hosts" "localhost" "-no-remote" "-profile" "C:\\Users\\Imran\\AppData\\Local\\Temp\\rust_mozprofile8zpCPj"
1664065655855	Marionette	INFO	Marionette enabled
1664065655859	Marionette	INFO	Listening on port 60967
Read port: 60967
WebDriver BiDi listening on ws://127.0.0.1:60957
1664065655958	RemoteAgent	WARN	TLS certificate errors will be ignored for this session
console.warn: SearchSettings: "get: No settings file exists, new profile?" (new NotFoundError("Could not open the file at C:\\Users\\Imran\\AppData\\Local\\Temp\\rust_mozprofile8zpCPj\\search.json.mozlz4", (void 0)))
DevTools listening on ws://127.0.0.1:60957/devtools/browser/228c3167-5795-49ce-8108-5df9d4eea360
JavaScript error: resource://gre/modules/URIFixup.jsm, line 307: NS_ERROR_FAILURE: Should pass a non-null uri
console.warn: LoginRecipes: "Falling back to a synchronous message for: https://www.walcart.com."
console.warn: LoginRecipes: "Falling back to a synchronous message for: https://www.walcart.com."
console.warn: LoginRecipes: "Falling back to a synchronous message for: https://www.walcart.com."
console.warn: LoginRecipes: "Falling back to a synchronous message for: https://www.walcart.com."
JavaScript error: resource://gre/modules/XULStore.jsm, line 58: Error: Can't find profile directory.
JavaScript error: resource://gre/modules/XULStore.jsm, line 58: Error: Can't find profile directory.
1664065735173	Marionette	INFO	Stopped listening on port 60967
1664065736631	geckodriver	INFO	Listening on 127.0.0.1:61141
1664065739641	mozrunner::runner	INFO	Running command: "C:\\Program Files\\Mozilla Firefox\\firefox.exe" "--marionette" "--remote-debugging-port" "61142" "--remote-allow-hosts" "localhost" "-no-remote" "-profile" "C:\\Users\\Imran\\AppData\\Local\\Temp\\rust_mozprofileWqQIwy"
1664065739912	Marionette	INFO	Marionette enabled
1664065739917	Marionette	INFO	Listening on port 61152
Read port: 61152
WebDriver BiDi listening on ws://127.0.0.1:61142
1664065740002	RemoteAgent	WARN	TLS certificate errors will be ignored for this session
console.warn: SearchSettings: "get: No settings file exists, new profile?" (new NotFoundError("Could not open the file at C:\\Users\\Imran\\AppData\\Local\\Temp\\rust_mozprofileWqQIwy\\search.json.mozlz4", (void 0)))
DevTools listening on ws://127.0.0.1:61142/devtools/browser/f6151971-ba65-47e3-8ecd-e94cb228beee
JavaScript error: resource://gre/modules/URIFixup.jsm, line 307: NS_ERROR_FAILURE: Should pass a non-null uri
console.warn: LoginRecipes: "Falling back to a synchronous message for: https://www.walcart.com."
console.warn: LoginRecipes: "Falling back to a synchronous message for: https://www.walcart.com."
JavaScript error: https://www.walcart.com/static/version1662605962/frontend/MageBig/martfury_layout02/en_US/Magento_Customer/js/customer-data.js, line 87: Error: [object Object]
JavaScript error: resource://gre/modules/XULStore.jsm, line 58: Error: Can't find profile directory.
JavaScript error: resource://gre/modules/XULStore.jsm, line 58: Error: Can't find profile directory.
JavaScript error: https://www.walcart.com/checkout/, line 309: TypeError: dom[0] is undefined
JavaScript error: https://www.walcart.com/static/version1662605962/frontend/MageBig/martfury_layout02/en_US/Magento_ReCaptchaFrontendUi/js/reCaptcha.js, line 117: TypeError: Unable to process binding "afterRender: function(){return renderReCaptcha() }"
Message: this.settings is undefined
1664065828625	Marionette	INFO	Stopped listening on port 61152
1664065829590	geckodriver	INFO	Listening on 127.0.0.1:61334
1664065832600	mozrunner::runner	INFO	Running command: "C:\\Program Files\\Mozilla Firefox\\firefox.exe" "--marionette" "--remote-debugging-port" "61335" "--remote-allow-hosts" "localhost" "-no-remote" "-profile" "C:\\Users\\Imran\\AppData\\Local\\Temp\\rust_mozprofilebz1RrV"
1664065832867	Marionette	INFO	Marionette enabled
1664065832871	Marionette	INFO	Listening on port 61346
Read port: 61346
WebDriver BiDi listening on ws://127.0.0.1:61335
1664065832967	RemoteAgent	WARN	TLS certificate errors will be ignored for this session
console.warn: SearchSettings: "get: No settings file exists, new profile?" (new NotFoundError("Could not open the file at C:\\Users\\Imran\\AppData\\Local\\Temp\\rust_mozprofilebz1RrV\\search.json.mozlz4", (void 0)))
DevTools listening on ws://127.0.0.1:61335/devtools/browser/7df05946-8d38-4e7b-936a-401473d507d8
JavaScript error: resource://gre/modules/URIFixup.jsm, line 307: NS_ERROR_FAILURE: Should pass a non-null uri
console.warn: LoginRecipes: "Falling back to a synchronous message for: https://www.walcart.com."
console.warn: LoginRecipes: "Falling back to a synchronous message for: https://www.walcart.com."
JavaScript error: https://www.walcart.com/static/version1662605962/_cache/merged/95f5481c00de6d32e971c16c1237d19d.js, line 166: Error: Script error for: intlTelInput
http://requirejs.org/docs/errors.html#scripterror
JavaScript error: resource://gre/modules/XULStore.jsm, line 58: Error: Can't find profile directory.
JavaScript error: resource://gre/modules/XULStore.jsm, line 58: Error: Can't find profile directory.
JavaScript error: https://www.walcart.com/checkout/, line 309: TypeError: dom[0] is undefined
JavaScript error: https://www.walcart.com/static/version1662605962/frontend/MageBig/martfury_layout02/en_US/Magento_ReCaptchaFrontendUi/js/reCaptcha.js, line 117: TypeError: Unable to process binding "afterRender: function(){return renderReCaptcha() }"
Message: this.settings is undefined
1664065924015	Marionette	INFO	Stopped listening on port 61346
[Parent 20356, IPC I/O Parent] WARNING: file /builds/worker/checkouts/gecko/ipc/chromium/src/base/process_util_win.cc:167
